[2025-03-26 06:47:39] production.ERROR: include(/Applications/MAMP/htdocs/fyvco.com/vendor/composer/../../themes/BC/ThemeProvider.php): Failed to open stream: No such file or directory {"exception":"[object] (ErrorException(code: 0): include(/Applications/MAMP/htdocs/fyvco.com/vendor/composer/../../themes/BC/ThemeProvider.php): Failed to open stream: No such file or directory at /Applications/MAMP/htdocs/fyvco.com/vendor/composer/ClassLoader.php:576)
[stacktrace]
#0 /Applications/MAMP/htdocs/fyvco.com/vendor/laravel/framework/src/Illuminate/Foundation/Bootstrap/HandleExceptions.php(255): Illuminate\\Foundation\\Bootstrap\\HandleExceptions->handleError(2, 'include(/Applic...', '/Applications/M...', 576)
#1 /Applications/MAMP/htdocs/fyvco.com/vendor/composer/ClassLoader.php(576): Illuminate\\Foundation\\Bootstrap\\HandleExceptions->Illuminate\\Foundation\\Bootstrap\\{closure}(2, 'include(/Applic...', '/Applications/M...', 576)
#2 /Applications/MAMP/htdocs/fyvco.com/vendor/composer/ClassLoader.php(576): include('/Applications/M...')
#3 /Applications/MAMP/htdocs/fyvco.com/vendor/composer/ClassLoader.php(427): Composer\\Autoload\\{closure}('/Applications/M...')
#4 [internal function]: Composer\\Autoload\\ClassLoader->loadClass('Themes\\\\BC\\\\Theme...')
#5 /Applications/MAMP/htdocs/fyvco.com/themes/ThemeServiceProvider.php(78): class_exists('\\\\Themes\\\\BC\\\\Them...')
#6 /Applications/MAMP/htdocs/fyvco.com/vendor/laravel/framework/src/Illuminate/Foundation/Application.php(792): Themes\\ThemeServiceProvider->register()
#7 /Applications/MAMP/htdocs/fyvco.com/vendor/laravel/framework/src/Illuminate/Foundation/ProviderRepository.php(75): Illuminate\\Foundation\\Application->register(Object(Themes\\ThemeServiceProvider))
#8 /Applications/MAMP/htdocs/fyvco.com/vendor/laravel/framework/src/Illuminate/Foundation/Application.php(769): Illuminate\\Foundation\\ProviderRepository->load(Array)
#9 /Applications/MAMP/htdocs/fyvco.com/vendor/laravel/framework/src/Illuminate/Foundation/Bootstrap/RegisterProviders.php(17): Illuminate\\Foundation\\Application->registerConfiguredProviders()
#10 /Applications/MAMP/htdocs/fyvco.com/vendor/laravel/framework/src/Illuminate/Foundation/Application.php(263): Illuminate\\Foundation\\Bootstrap\\RegisterProviders->bootstrap(Object(Illuminate\\Foundation\\Application))
#11 /Applications/MAMP/htdocs/fyvco.com/vendor/laravel/framework/src/Illuminate/Foundation/Console/Kernel.php(447): Illuminate\\Foundation\\Application->bootstrapWith(Array)
#12 /Applications/MAMP/htdocs/fyvco.com/vendor/laravel/framework/src/Illuminate/Foundation/Console/Kernel.php(199): Illuminate\\Foundation\\Console\\Kernel->bootstrap()
#13 Command line code(1): Illuminate\\Foundation\\Console\\Kernel->handle(Object(Symfony\\Component\\Console\\Input\\ArgvInput), Object(Symfony\\Component\\Console\\Output\\ConsoleOutput))
#14 {main}
"} 
[2025-03-26 06:47:40] production.ERROR: include(/Applications/MAMP/htdocs/fyvco.com/vendor/composer/../../themes/BC/ThemeProvider.php): Failed to open stream: No such file or directory {"exception":"[object] (ErrorException(code: 0): include(/Applications/MAMP/htdocs/fyvco.com/vendor/composer/../../themes/BC/ThemeProvider.php): Failed to open stream: No such file or directory at /Applications/MAMP/htdocs/fyvco.com/vendor/composer/ClassLoader.php:576)
[stacktrace]
#0 /Applications/MAMP/htdocs/fyvco.com/vendor/laravel/framework/src/Illuminate/Foundation/Bootstrap/HandleExceptions.php(255): Illuminate\\Foundation\\Bootstrap\\HandleExceptions->handleError(2, 'include(/Applic...', '/Applications/M...', 576)
#1 /Applications/MAMP/htdocs/fyvco.com/vendor/composer/ClassLoader.php(576): Illuminate\\Foundation\\Bootstrap\\HandleExceptions->Illuminate\\Foundation\\Bootstrap\\{closure}(2, 'include(/Applic...', '/Applications/M...', 576)
#2 /Applications/MAMP/htdocs/fyvco.com/vendor/composer/ClassLoader.php(576): include('/Applications/M...')
#3 /Applications/MAMP/htdocs/fyvco.com/vendor/composer/ClassLoader.php(427): Composer\\Autoload\\{closure}('/Applications/M...')
#4 [internal function]: Composer\\Autoload\\ClassLoader->loadClass('Themes\\\\BC\\\\Theme...')
#5 /Applications/MAMP/htdocs/fyvco.com/themes/ThemeServiceProvider.php(78): class_exists('\\\\Themes\\\\BC\\\\Them...')
#6 /Applications/MAMP/htdocs/fyvco.com/vendor/laravel/framework/src/Illuminate/Foundation/Application.php(792): Themes\\ThemeServiceProvider->register()
#7 /Applications/MAMP/htdocs/fyvco.com/vendor/laravel/framework/src/Illuminate/Foundation/ProviderRepository.php(75): Illuminate\\Foundation\\Application->register(Object(Themes\\ThemeServiceProvider))
#8 /Applications/MAMP/htdocs/fyvco.com/vendor/laravel/framework/src/Illuminate/Foundation/Application.php(769): Illuminate\\Foundation\\ProviderRepository->load(Array)
#9 /Applications/MAMP/htdocs/fyvco.com/vendor/laravel/framework/src/Illuminate/Foundation/Bootstrap/RegisterProviders.php(17): Illuminate\\Foundation\\Application->registerConfiguredProviders()
#10 /Applications/MAMP/htdocs/fyvco.com/vendor/laravel/framework/src/Illuminate/Foundation/Application.php(263): Illuminate\\Foundation\\Bootstrap\\RegisterProviders->bootstrap(Object(Illuminate\\Foundation\\Application))
#11 /Applications/MAMP/htdocs/fyvco.com/vendor/laravel/framework/src/Illuminate/Foundation/Console/Kernel.php(447): Illuminate\\Foundation\\Application->bootstrapWith(Array)
#12 /Applications/MAMP/htdocs/fyvco.com/vendor/laravel/framework/src/Illuminate/Foundation/Console/Kernel.php(199): Illuminate\\Foundation\\Console\\Kernel->bootstrap()
#13 Command line code(1): Illuminate\\Foundation\\Console\\Kernel->handle(Object(Symfony\\Component\\Console\\Input\\ArgvInput), Object(Symfony\\Component\\Console\\Output\\ConsoleOutput))
#14 {main}
"} 
[2025-03-26 06:47:40] production.ERROR: include(/Applications/MAMP/htdocs/fyvco.com/vendor/composer/../../themes/BC/ThemeProvider.php): Failed to open stream: No such file or directory {"exception":"[object] (ErrorException(code: 0): include(/Applications/MAMP/htdocs/fyvco.com/vendor/composer/../../themes/BC/ThemeProvider.php): Failed to open stream: No such file or directory at /Applications/MAMP/htdocs/fyvco.com/vendor/composer/ClassLoader.php:576)
[stacktrace]
#0 /Applications/MAMP/htdocs/fyvco.com/vendor/laravel/framework/src/Illuminate/Foundation/Bootstrap/HandleExceptions.php(255): Illuminate\\Foundation\\Bootstrap\\HandleExceptions->handleError(2, 'include(/Applic...', '/Applications/M...', 576)
#1 /Applications/MAMP/htdocs/fyvco.com/vendor/composer/ClassLoader.php(576): Illuminate\\Foundation\\Bootstrap\\HandleExceptions->Illuminate\\Foundation\\Bootstrap\\{closure}(2, 'include(/Applic...', '/Applications/M...', 576)
#2 /Applications/MAMP/htdocs/fyvco.com/vendor/composer/ClassLoader.php(576): include('/Applications/M...')
#3 /Applications/MAMP/htdocs/fyvco.com/vendor/composer/ClassLoader.php(427): Composer\\Autoload\\{closure}('/Applications/M...')
#4 [internal function]: Composer\\Autoload\\ClassLoader->loadClass('Themes\\\\BC\\\\Theme...')
#5 /Applications/MAMP/htdocs/fyvco.com/themes/ThemeServiceProvider.php(78): class_exists('\\\\Themes\\\\BC\\\\Them...')
#6 /Applications/MAMP/htdocs/fyvco.com/vendor/laravel/framework/src/Illuminate/Foundation/Application.php(792): Themes\\ThemeServiceProvider->register()
#7 /Applications/MAMP/htdocs/fyvco.com/vendor/laravel/framework/src/Illuminate/Foundation/ProviderRepository.php(75): Illuminate\\Foundation\\Application->register(Object(Themes\\ThemeServiceProvider))
#8 /Applications/MAMP/htdocs/fyvco.com/vendor/laravel/framework/src/Illuminate/Foundation/Application.php(769): Illuminate\\Foundation\\ProviderRepository->load(Array)
#9 /Applications/MAMP/htdocs/fyvco.com/vendor/laravel/framework/src/Illuminate/Foundation/Bootstrap/RegisterProviders.php(17): Illuminate\\Foundation\\Application->registerConfiguredProviders()
#10 /Applications/MAMP/htdocs/fyvco.com/vendor/laravel/framework/src/Illuminate/Foundation/Application.php(263): Illuminate\\Foundation\\Bootstrap\\RegisterProviders->bootstrap(Object(Illuminate\\Foundation\\Application))
#11 /Applications/MAMP/htdocs/fyvco.com/vendor/laravel/framework/src/Illuminate/Foundation/Console/Kernel.php(447): Illuminate\\Foundation\\Application->bootstrapWith(Array)
#12 /Applications/MAMP/htdocs/fyvco.com/vendor/laravel/framework/src/Illuminate/Foundation/Console/Kernel.php(199): Illuminate\\Foundation\\Console\\Kernel->bootstrap()
#13 Command line code(1): Illuminate\\Foundation\\Console\\Kernel->handle(Object(Symfony\\Component\\Console\\Input\\ArgvInput), Object(Symfony\\Component\\Console\\Output\\ConsoleOutput))
#14 {main}
"} 
[2025-03-26 06:47:41] production.ERROR: include(/Applications/MAMP/htdocs/fyvco.com/vendor/composer/../../themes/BC/ThemeProvider.php): Failed to open stream: No such file or directory {"exception":"[object] (ErrorException(code: 0): include(/Applications/MAMP/htdocs/fyvco.com/vendor/composer/../../themes/BC/ThemeProvider.php): Failed to open stream: No such file or directory at /Applications/MAMP/htdocs/fyvco.com/vendor/composer/ClassLoader.php:576)
[stacktrace]
#0 /Applications/MAMP/htdocs/fyvco.com/vendor/laravel/framework/src/Illuminate/Foundation/Bootstrap/HandleExceptions.php(255): Illuminate\\Foundation\\Bootstrap\\HandleExceptions->handleError(2, 'include(/Applic...', '/Applications/M...', 576)
#1 /Applications/MAMP/htdocs/fyvco.com/vendor/composer/ClassLoader.php(576): Illuminate\\Foundation\\Bootstrap\\HandleExceptions->Illuminate\\Foundation\\Bootstrap\\{closure}(2, 'include(/Applic...', '/Applications/M...', 576)
#2 /Applications/MAMP/htdocs/fyvco.com/vendor/composer/ClassLoader.php(576): include('/Applications/M...')
#3 /Applications/MAMP/htdocs/fyvco.com/vendor/composer/ClassLoader.php(427): Composer\\Autoload\\{closure}('/Applications/M...')
#4 [internal function]: Composer\\Autoload\\ClassLoader->loadClass('Themes\\\\BC\\\\Theme...')
#5 /Applications/MAMP/htdocs/fyvco.com/themes/ThemeServiceProvider.php(78): class_exists('\\\\Themes\\\\BC\\\\Them...')
#6 /Applications/MAMP/htdocs/fyvco.com/vendor/laravel/framework/src/Illuminate/Foundation/Application.php(792): Themes\\ThemeServiceProvider->register()
#7 /Applications/MAMP/htdocs/fyvco.com/vendor/laravel/framework/src/Illuminate/Foundation/ProviderRepository.php(75): Illuminate\\Foundation\\Application->register(Object(Themes\\ThemeServiceProvider))
#8 /Applications/MAMP/htdocs/fyvco.com/vendor/laravel/framework/src/Illuminate/Foundation/Application.php(769): Illuminate\\Foundation\\ProviderRepository->load(Array)
#9 /Applications/MAMP/htdocs/fyvco.com/vendor/laravel/framework/src/Illuminate/Foundation/Bootstrap/RegisterProviders.php(17): Illuminate\\Foundation\\Application->registerConfiguredProviders()
#10 /Applications/MAMP/htdocs/fyvco.com/vendor/laravel/framework/src/Illuminate/Foundation/Application.php(263): Illuminate\\Foundation\\Bootstrap\\RegisterProviders->bootstrap(Object(Illuminate\\Foundation\\Application))
#11 /Applications/MAMP/htdocs/fyvco.com/vendor/laravel/framework/src/Illuminate/Foundation/Console/Kernel.php(447): Illuminate\\Foundation\\Application->bootstrapWith(Array)
#12 /Applications/MAMP/htdocs/fyvco.com/vendor/laravel/framework/src/Illuminate/Foundation/Console/Kernel.php(199): Illuminate\\Foundation\\Console\\Kernel->bootstrap()
#13 Command line code(1): Illuminate\\Foundation\\Console\\Kernel->handle(Object(Symfony\\Component\\Console\\Input\\ArgvInput), Object(Symfony\\Component\\Console\\Output\\ConsoleOutput))
#14 {main}
"} 
[2025-03-26 06:47:41] production.ERROR: include(/Applications/MAMP/htdocs/fyvco.com/vendor/composer/../../themes/BC/ThemeProvider.php): Failed to open stream: No such file or directory {"exception":"[object] (ErrorException(code: 0): include(/Applications/MAMP/htdocs/fyvco.com/vendor/composer/../../themes/BC/ThemeProvider.php): Failed to open stream: No such file or directory at /Applications/MAMP/htdocs/fyvco.com/vendor/composer/ClassLoader.php:576)
[stacktrace]
#0 /Applications/MAMP/htdocs/fyvco.com/vendor/laravel/framework/src/Illuminate/Foundation/Bootstrap/HandleExceptions.php(255): Illuminate\\Foundation\\Bootstrap\\HandleExceptions->handleError(2, 'include(/Applic...', '/Applications/M...', 576)
#1 /Applications/MAMP/htdocs/fyvco.com/vendor/composer/ClassLoader.php(576): Illuminate\\Foundation\\Bootstrap\\HandleExceptions->Illuminate\\Foundation\\Bootstrap\\{closure}(2, 'include(/Applic...', '/Applications/M...', 576)
#2 /Applications/MAMP/htdocs/fyvco.com/vendor/composer/ClassLoader.php(576): include('/Applications/M...')
#3 /Applications/MAMP/htdocs/fyvco.com/vendor/composer/ClassLoader.php(427): Composer\\Autoload\\{closure}('/Applications/M...')
#4 [internal function]: Composer\\Autoload\\ClassLoader->loadClass('Themes\\\\BC\\\\Theme...')
#5 /Applications/MAMP/htdocs/fyvco.com/themes/ThemeServiceProvider.php(78): class_exists('\\\\Themes\\\\BC\\\\Them...')
#6 /Applications/MAMP/htdocs/fyvco.com/vendor/laravel/framework/src/Illuminate/Foundation/Application.php(792): Themes\\ThemeServiceProvider->register()
#7 /Applications/MAMP/htdocs/fyvco.com/vendor/laravel/framework/src/Illuminate/Foundation/ProviderRepository.php(75): Illuminate\\Foundation\\Application->register(Object(Themes\\ThemeServiceProvider))
#8 /Applications/MAMP/htdocs/fyvco.com/vendor/laravel/framework/src/Illuminate/Foundation/Application.php(769): Illuminate\\Foundation\\ProviderRepository->load(Array)
#9 /Applications/MAMP/htdocs/fyvco.com/vendor/laravel/framework/src/Illuminate/Foundation/Bootstrap/RegisterProviders.php(17): Illuminate\\Foundation\\Application->registerConfiguredProviders()
#10 /Applications/MAMP/htdocs/fyvco.com/vendor/laravel/framework/src/Illuminate/Foundation/Application.php(263): Illuminate\\Foundation\\Bootstrap\\RegisterProviders->bootstrap(Object(Illuminate\\Foundation\\Application))
#11 /Applications/MAMP/htdocs/fyvco.com/vendor/laravel/framework/src/Illuminate/Foundation/Console/Kernel.php(447): Illuminate\\Foundation\\Application->bootstrapWith(Array)
#12 /Applications/MAMP/htdocs/fyvco.com/vendor/laravel/framework/src/Illuminate/Foundation/Console/Kernel.php(199): Illuminate\\Foundation\\Console\\Kernel->bootstrap()
#13 Command line code(1): Illuminate\\Foundation\\Console\\Kernel->handle(Object(Symfony\\Component\\Console\\Input\\ArgvInput), Object(Symfony\\Component\\Console\\Output\\ConsoleOutput))
#14 {main}
"} 
[2025-03-26 06:47:41] production.ERROR: include(/Applications/MAMP/htdocs/fyvco.com/vendor/composer/../../themes/BC/ThemeProvider.php): Failed to open stream: No such file or directory {"exception":"[object] (ErrorException(code: 0): include(/Applications/MAMP/htdocs/fyvco.com/vendor/composer/../../themes/BC/ThemeProvider.php): Failed to open stream: No such file or directory at /Applications/MAMP/htdocs/fyvco.com/vendor/composer/ClassLoader.php:576)
[stacktrace]
#0 /Applications/MAMP/htdocs/fyvco.com/vendor/laravel/framework/src/Illuminate/Foundation/Bootstrap/HandleExceptions.php(255): Illuminate\\Foundation\\Bootstrap\\HandleExceptions->handleError(2, 'include(/Applic...', '/Applications/M...', 576)
#1 /Applications/MAMP/htdocs/fyvco.com/vendor/composer/ClassLoader.php(576): Illuminate\\Foundation\\Bootstrap\\HandleExceptions->Illuminate\\Foundation\\Bootstrap\\{closure}(2, 'include(/Applic...', '/Applications/M...', 576)
#2 /Applications/MAMP/htdocs/fyvco.com/vendor/composer/ClassLoader.php(576): include('/Applications/M...')
#3 /Applications/MAMP/htdocs/fyvco.com/vendor/composer/ClassLoader.php(427): Composer\\Autoload\\{closure}('/Applications/M...')
#4 [internal function]: Composer\\Autoload\\ClassLoader->loadClass('Themes\\\\BC\\\\Theme...')
#5 /Applications/MAMP/htdocs/fyvco.com/themes/ThemeServiceProvider.php(78): class_exists('\\\\Themes\\\\BC\\\\Them...')
#6 /Applications/MAMP/htdocs/fyvco.com/vendor/laravel/framework/src/Illuminate/Foundation/Application.php(792): Themes\\ThemeServiceProvider->register()
#7 /Applications/MAMP/htdocs/fyvco.com/vendor/laravel/framework/src/Illuminate/Foundation/ProviderRepository.php(75): Illuminate\\Foundation\\Application->register(Object(Themes\\ThemeServiceProvider))
#8 /Applications/MAMP/htdocs/fyvco.com/vendor/laravel/framework/src/Illuminate/Foundation/Application.php(769): Illuminate\\Foundation\\ProviderRepository->load(Array)
#9 /Applications/MAMP/htdocs/fyvco.com/vendor/laravel/framework/src/Illuminate/Foundation/Bootstrap/RegisterProviders.php(17): Illuminate\\Foundation\\Application->registerConfiguredProviders()
#10 /Applications/MAMP/htdocs/fyvco.com/vendor/laravel/framework/src/Illuminate/Foundation/Application.php(263): Illuminate\\Foundation\\Bootstrap\\RegisterProviders->bootstrap(Object(Illuminate\\Foundation\\Application))
#11 /Applications/MAMP/htdocs/fyvco.com/vendor/laravel/framework/src/Illuminate/Foundation/Console/Kernel.php(447): Illuminate\\Foundation\\Application->bootstrapWith(Array)
#12 /Applications/MAMP/htdocs/fyvco.com/vendor/laravel/framework/src/Illuminate/Foundation/Console/Kernel.php(199): Illuminate\\Foundation\\Console\\Kernel->bootstrap()
#13 Command line code(1): Illuminate\\Foundation\\Console\\Kernel->handle(Object(Symfony\\Component\\Console\\Input\\ArgvInput), Object(Symfony\\Component\\Console\\Output\\ConsoleOutput))
#14 {main}
"} 
[2025-03-26 06:47:41] production.ERROR: include(/Applications/MAMP/htdocs/fyvco.com/vendor/composer/../../themes/BC/ThemeProvider.php): Failed to open stream: No such file or directory {"exception":"[object] (ErrorException(code: 0): include(/Applications/MAMP/htdocs/fyvco.com/vendor/composer/../../themes/BC/ThemeProvider.php): Failed to open stream: No such file or directory at /Applications/MAMP/htdocs/fyvco.com/vendor/composer/ClassLoader.php:576)
[stacktrace]
#0 /Applications/MAMP/htdocs/fyvco.com/vendor/laravel/framework/src/Illuminate/Foundation/Bootstrap/HandleExceptions.php(255): Illuminate\\Foundation\\Bootstrap\\HandleExceptions->handleError(2, 'include(/Applic...', '/Applications/M...', 576)
#1 /Applications/MAMP/htdocs/fyvco.com/vendor/composer/ClassLoader.php(576): Illuminate\\Foundation\\Bootstrap\\HandleExceptions->Illuminate\\Foundation\\Bootstrap\\{closure}(2, 'include(/Applic...', '/Applications/M...', 576)
#2 /Applications/MAMP/htdocs/fyvco.com/vendor/composer/ClassLoader.php(576): include('/Applications/M...')
#3 /Applications/MAMP/htdocs/fyvco.com/vendor/composer/ClassLoader.php(427): Composer\\Autoload\\{closure}('/Applications/M...')
#4 [internal function]: Composer\\Autoload\\ClassLoader->loadClass('Themes\\\\BC\\\\Theme...')
#5 /Applications/MAMP/htdocs/fyvco.com/themes/ThemeServiceProvider.php(78): class_exists('\\\\Themes\\\\BC\\\\Them...')
#6 /Applications/MAMP/htdocs/fyvco.com/vendor/laravel/framework/src/Illuminate/Foundation/Application.php(792): Themes\\ThemeServiceProvider->register()
#7 /Applications/MAMP/htdocs/fyvco.com/vendor/laravel/framework/src/Illuminate/Foundation/ProviderRepository.php(75): Illuminate\\Foundation\\Application->register(Object(Themes\\ThemeServiceProvider))
#8 /Applications/MAMP/htdocs/fyvco.com/vendor/laravel/framework/src/Illuminate/Foundation/Application.php(769): Illuminate\\Foundation\\ProviderRepository->load(Array)
#9 /Applications/MAMP/htdocs/fyvco.com/vendor/laravel/framework/src/Illuminate/Foundation/Bootstrap/RegisterProviders.php(17): Illuminate\\Foundation\\Application->registerConfiguredProviders()
#10 /Applications/MAMP/htdocs/fyvco.com/vendor/laravel/framework/src/Illuminate/Foundation/Application.php(263): Illuminate\\Foundation\\Bootstrap\\RegisterProviders->bootstrap(Object(Illuminate\\Foundation\\Application))
#11 /Applications/MAMP/htdocs/fyvco.com/vendor/laravel/framework/src/Illuminate/Foundation/Console/Kernel.php(447): Illuminate\\Foundation\\Application->bootstrapWith(Array)
#12 /Applications/MAMP/htdocs/fyvco.com/vendor/laravel/framework/src/Illuminate/Foundation/Console/Kernel.php(199): Illuminate\\Foundation\\Console\\Kernel->bootstrap()
#13 Command line code(1): Illuminate\\Foundation\\Console\\Kernel->handle(Object(Symfony\\Component\\Console\\Input\\ArgvInput), Object(Symfony\\Component\\Console\\Output\\ConsoleOutput))
#14 {main}
"} 
[2025-03-26 06:47:41] production.ERROR: include(/Applications/MAMP/htdocs/fyvco.com/vendor/composer/../../themes/BC/ThemeProvider.php): Failed to open stream: No such file or directory {"exception":"[object] (ErrorException(code: 0): include(/Applications/MAMP/htdocs/fyvco.com/vendor/composer/../../themes/BC/ThemeProvider.php): Failed to open stream: No such file or directory at /Applications/MAMP/htdocs/fyvco.com/vendor/composer/ClassLoader.php:576)
[stacktrace]
#0 /Applications/MAMP/htdocs/fyvco.com/vendor/laravel/framework/src/Illuminate/Foundation/Bootstrap/HandleExceptions.php(255): Illuminate\\Foundation\\Bootstrap\\HandleExceptions->handleError(2, 'include(/Applic...', '/Applications/M...', 576)
#1 /Applications/MAMP/htdocs/fyvco.com/vendor/composer/ClassLoader.php(576): Illuminate\\Foundation\\Bootstrap\\HandleExceptions->Illuminate\\Foundation\\Bootstrap\\{closure}(2, 'include(/Applic...', '/Applications/M...', 576)
#2 /Applications/MAMP/htdocs/fyvco.com/vendor/composer/ClassLoader.php(576): include('/Applications/M...')
#3 /Applications/MAMP/htdocs/fyvco.com/vendor/composer/ClassLoader.php(427): Composer\\Autoload\\{closure}('/Applications/M...')
#4 [internal function]: Composer\\Autoload\\ClassLoader->loadClass('Themes\\\\BC\\\\Theme...')
#5 /Applications/MAMP/htdocs/fyvco.com/themes/ThemeServiceProvider.php(78): class_exists('\\\\Themes\\\\BC\\\\Them...')
#6 /Applications/MAMP/htdocs/fyvco.com/vendor/laravel/framework/src/Illuminate/Foundation/Application.php(792): Themes\\ThemeServiceProvider->register()
#7 /Applications/MAMP/htdocs/fyvco.com/vendor/laravel/framework/src/Illuminate/Foundation/ProviderRepository.php(75): Illuminate\\Foundation\\Application->register(Object(Themes\\ThemeServiceProvider))
#8 /Applications/MAMP/htdocs/fyvco.com/vendor/laravel/framework/src/Illuminate/Foundation/Application.php(769): Illuminate\\Foundation\\ProviderRepository->load(Array)
#9 /Applications/MAMP/htdocs/fyvco.com/vendor/laravel/framework/src/Illuminate/Foundation/Bootstrap/RegisterProviders.php(17): Illuminate\\Foundation\\Application->registerConfiguredProviders()
#10 /Applications/MAMP/htdocs/fyvco.com/vendor/laravel/framework/src/Illuminate/Foundation/Application.php(263): Illuminate\\Foundation\\Bootstrap\\RegisterProviders->bootstrap(Object(Illuminate\\Foundation\\Application))
#11 /Applications/MAMP/htdocs/fyvco.com/vendor/laravel/framework/src/Illuminate/Foundation/Console/Kernel.php(447): Illuminate\\Foundation\\Application->bootstrapWith(Array)
#12 /Applications/MAMP/htdocs/fyvco.com/vendor/laravel/framework/src/Illuminate/Foundation/Console/Kernel.php(199): Illuminate\\Foundation\\Console\\Kernel->bootstrap()
#13 Command line code(1): Illuminate\\Foundation\\Console\\Kernel->handle(Object(Symfony\\Component\\Console\\Input\\ArgvInput), Object(Symfony\\Component\\Console\\Output\\ConsoleOutput))
#14 {main}
"} 
[2025-03-26 06:47:41] production.ERROR: include(/Applications/MAMP/htdocs/fyvco.com/vendor/composer/../../themes/BC/ThemeProvider.php): Failed to open stream: No such file or directory {"exception":"[object] (ErrorException(code: 0): include(/Applications/MAMP/htdocs/fyvco.com/vendor/composer/../../themes/BC/ThemeProvider.php): Failed to open stream: No such file or directory at /Applications/MAMP/htdocs/fyvco.com/vendor/composer/ClassLoader.php:576)
[stacktrace]
#0 /Applications/MAMP/htdocs/fyvco.com/vendor/laravel/framework/src/Illuminate/Foundation/Bootstrap/HandleExceptions.php(255): Illuminate\\Foundation\\Bootstrap\\HandleExceptions->handleError(2, 'include(/Applic...', '/Applications/M...', 576)
#1 /Applications/MAMP/htdocs/fyvco.com/vendor/composer/ClassLoader.php(576): Illuminate\\Foundation\\Bootstrap\\HandleExceptions->Illuminate\\Foundation\\Bootstrap\\{closure}(2, 'include(/Applic...', '/Applications/M...', 576)
#2 /Applications/MAMP/htdocs/fyvco.com/vendor/composer/ClassLoader.php(576): include('/Applications/M...')
#3 /Applications/MAMP/htdocs/fyvco.com/vendor/composer/ClassLoader.php(427): Composer\\Autoload\\{closure}('/Applications/M...')
#4 [internal function]: Composer\\Autoload\\ClassLoader->loadClass('Themes\\\\BC\\\\Theme...')
#5 /Applications/MAMP/htdocs/fyvco.com/themes/ThemeServiceProvider.php(78): class_exists('\\\\Themes\\\\BC\\\\Them...')
#6 /Applications/MAMP/htdocs/fyvco.com/vendor/laravel/framework/src/Illuminate/Foundation/Application.php(792): Themes\\ThemeServiceProvider->register()
#7 /Applications/MAMP/htdocs/fyvco.com/vendor/laravel/framework/src/Illuminate/Foundation/ProviderRepository.php(75): Illuminate\\Foundation\\Application->register(Object(Themes\\ThemeServiceProvider))
#8 /Applications/MAMP/htdocs/fyvco.com/vendor/laravel/framework/src/Illuminate/Foundation/Application.php(769): Illuminate\\Foundation\\ProviderRepository->load(Array)
#9 /Applications/MAMP/htdocs/fyvco.com/vendor/laravel/framework/src/Illuminate/Foundation/Bootstrap/RegisterProviders.php(17): Illuminate\\Foundation\\Application->registerConfiguredProviders()
#10 /Applications/MAMP/htdocs/fyvco.com/vendor/laravel/framework/src/Illuminate/Foundation/Application.php(263): Illuminate\\Foundation\\Bootstrap\\RegisterProviders->bootstrap(Object(Illuminate\\Foundation\\Application))
#11 /Applications/MAMP/htdocs/fyvco.com/vendor/laravel/framework/src/Illuminate/Foundation/Console/Kernel.php(447): Illuminate\\Foundation\\Application->bootstrapWith(Array)
#12 /Applications/MAMP/htdocs/fyvco.com/vendor/laravel/framework/src/Illuminate/Foundation/Console/Kernel.php(199): Illuminate\\Foundation\\Console\\Kernel->bootstrap()
#13 Command line code(1): Illuminate\\Foundation\\Console\\Kernel->handle(Object(Symfony\\Component\\Console\\Input\\ArgvInput), Object(Symfony\\Component\\Console\\Output\\ConsoleOutput))
#14 {main}
"} 
[2025-03-26 06:47:41] production.ERROR: include(/Applications/MAMP/htdocs/fyvco.com/vendor/composer/../../themes/BC/ThemeProvider.php): Failed to open stream: No such file or directory {"exception":"[object] (ErrorException(code: 0): include(/Applications/MAMP/htdocs/fyvco.com/vendor/composer/../../themes/BC/ThemeProvider.php): Failed to open stream: No such file or directory at /Applications/MAMP/htdocs/fyvco.com/vendor/composer/ClassLoader.php:576)
[stacktrace]
#0 /Applications/MAMP/htdocs/fyvco.com/vendor/laravel/framework/src/Illuminate/Foundation/Bootstrap/HandleExceptions.php(255): Illuminate\\Foundation\\Bootstrap\\HandleExceptions->handleError(2, 'include(/Applic...', '/Applications/M...', 576)
#1 /Applications/MAMP/htdocs/fyvco.com/vendor/composer/ClassLoader.php(576): Illuminate\\Foundation\\Bootstrap\\HandleExceptions->Illuminate\\Foundation\\Bootstrap\\{closure}(2, 'include(/Applic...', '/Applications/M...', 576)
#2 /Applications/MAMP/htdocs/fyvco.com/vendor/composer/ClassLoader.php(576): include('/Applications/M...')
#3 /Applications/MAMP/htdocs/fyvco.com/vendor/composer/ClassLoader.php(427): Composer\\Autoload\\{closure}('/Applications/M...')
#4 [internal function]: Composer\\Autoload\\ClassLoader->loadClass('Themes\\\\BC\\\\Theme...')
#5 /Applications/MAMP/htdocs/fyvco.com/themes/ThemeServiceProvider.php(78): class_exists('\\\\Themes\\\\BC\\\\Them...')
#6 /Applications/MAMP/htdocs/fyvco.com/vendor/laravel/framework/src/Illuminate/Foundation/Application.php(792): Themes\\ThemeServiceProvider->register()
#7 /Applications/MAMP/htdocs/fyvco.com/vendor/laravel/framework/src/Illuminate/Foundation/ProviderRepository.php(75): Illuminate\\Foundation\\Application->register(Object(Themes\\ThemeServiceProvider))
#8 /Applications/MAMP/htdocs/fyvco.com/vendor/laravel/framework/src/Illuminate/Foundation/Application.php(769): Illuminate\\Foundation\\ProviderRepository->load(Array)
#9 /Applications/MAMP/htdocs/fyvco.com/vendor/laravel/framework/src/Illuminate/Foundation/Bootstrap/RegisterProviders.php(17): Illuminate\\Foundation\\Application->registerConfiguredProviders()
#10 /Applications/MAMP/htdocs/fyvco.com/vendor/laravel/framework/src/Illuminate/Foundation/Application.php(263): Illuminate\\Foundation\\Bootstrap\\RegisterProviders->bootstrap(Object(Illuminate\\Foundation\\Application))
#11 /Applications/MAMP/htdocs/fyvco.com/vendor/laravel/framework/src/Illuminate/Foundation/Console/Kernel.php(447): Illuminate\\Foundation\\Application->bootstrapWith(Array)
#12 /Applications/MAMP/htdocs/fyvco.com/vendor/laravel/framework/src/Illuminate/Foundation/Console/Kernel.php(199): Illuminate\\Foundation\\Console\\Kernel->bootstrap()
#13 Command line code(1): Illuminate\\Foundation\\Console\\Kernel->handle(Object(Symfony\\Component\\Console\\Input\\ArgvInput), Object(Symfony\\Component\\Console\\Output\\ConsoleOutput))
#14 {main}
"} 
[2025-03-26 06:47:42] production.ERROR: include(/Applications/MAMP/htdocs/fyvco.com/vendor/composer/../../themes/BC/ThemeProvider.php): Failed to open stream: No such file or directory {"exception":"[object] (ErrorException(code: 0): include(/Applications/MAMP/htdocs/fyvco.com/vendor/composer/../../themes/BC/ThemeProvider.php): Failed to open stream: No such file or directory at /Applications/MAMP/htdocs/fyvco.com/vendor/composer/ClassLoader.php:576)
[stacktrace]
#0 /Applications/MAMP/htdocs/fyvco.com/vendor/laravel/framework/src/Illuminate/Foundation/Bootstrap/HandleExceptions.php(255): Illuminate\\Foundation\\Bootstrap\\HandleExceptions->handleError(2, 'include(/Applic...', '/Applications/M...', 576)
#1 /Applications/MAMP/htdocs/fyvco.com/vendor/composer/ClassLoader.php(576): Illuminate\\Foundation\\Bootstrap\\HandleExceptions->Illuminate\\Foundation\\Bootstrap\\{closure}(2, 'include(/Applic...', '/Applications/M...', 576)
#2 /Applications/MAMP/htdocs/fyvco.com/vendor/composer/ClassLoader.php(576): include('/Applications/M...')
#3 /Applications/MAMP/htdocs/fyvco.com/vendor/composer/ClassLoader.php(427): Composer\\Autoload\\{closure}('/Applications/M...')
#4 [internal function]: Composer\\Autoload\\ClassLoader->loadClass('Themes\\\\BC\\\\Theme...')
#5 /Applications/MAMP/htdocs/fyvco.com/themes/ThemeServiceProvider.php(78): class_exists('\\\\Themes\\\\BC\\\\Them...')
#6 /Applications/MAMP/htdocs/fyvco.com/vendor/laravel/framework/src/Illuminate/Foundation/Application.php(792): Themes\\ThemeServiceProvider->register()
#7 /Applications/MAMP/htdocs/fyvco.com/vendor/laravel/framework/src/Illuminate/Foundation/ProviderRepository.php(75): Illuminate\\Foundation\\Application->register(Object(Themes\\ThemeServiceProvider))
#8 /Applications/MAMP/htdocs/fyvco.com/vendor/laravel/framework/src/Illuminate/Foundation/Application.php(769): Illuminate\\Foundation\\ProviderRepository->load(Array)
#9 /Applications/MAMP/htdocs/fyvco.com/vendor/laravel/framework/src/Illuminate/Foundation/Bootstrap/RegisterProviders.php(17): Illuminate\\Foundation\\Application->registerConfiguredProviders()
#10 /Applications/MAMP/htdocs/fyvco.com/vendor/laravel/framework/src/Illuminate/Foundation/Application.php(263): Illuminate\\Foundation\\Bootstrap\\RegisterProviders->bootstrap(Object(Illuminate\\Foundation\\Application))
#11 /Applications/MAMP/htdocs/fyvco.com/vendor/laravel/framework/src/Illuminate/Foundation/Console/Kernel.php(447): Illuminate\\Foundation\\Application->bootstrapWith(Array)
#12 /Applications/MAMP/htdocs/fyvco.com/vendor/laravel/framework/src/Illuminate/Foundation/Console/Kernel.php(199): Illuminate\\Foundation\\Console\\Kernel->bootstrap()
#13 Command line code(1): Illuminate\\Foundation\\Console\\Kernel->handle(Object(Symfony\\Component\\Console\\Input\\ArgvInput), Object(Symfony\\Component\\Console\\Output\\ConsoleOutput))
#14 {main}
"} 
[2025-03-26 06:47:42] production.ERROR: include(/Applications/MAMP/htdocs/fyvco.com/vendor/composer/../../themes/BC/ThemeProvider.php): Failed to open stream: No such file or directory {"exception":"[object] (ErrorException(code: 0): include(/Applications/MAMP/htdocs/fyvco.com/vendor/composer/../../themes/BC/ThemeProvider.php): Failed to open stream: No such file or directory at /Applications/MAMP/htdocs/fyvco.com/vendor/composer/ClassLoader.php:576)
[stacktrace]
#0 /Applications/MAMP/htdocs/fyvco.com/vendor/laravel/framework/src/Illuminate/Foundation/Bootstrap/HandleExceptions.php(255): Illuminate\\Foundation\\Bootstrap\\HandleExceptions->handleError(2, 'include(/Applic...', '/Applications/M...', 576)
#1 /Applications/MAMP/htdocs/fyvco.com/vendor/composer/ClassLoader.php(576): Illuminate\\Foundation\\Bootstrap\\HandleExceptions->Illuminate\\Foundation\\Bootstrap\\{closure}(2, 'include(/Applic...', '/Applications/M...', 576)
#2 /Applications/MAMP/htdocs/fyvco.com/vendor/composer/ClassLoader.php(576): include('/Applications/M...')
#3 /Applications/MAMP/htdocs/fyvco.com/vendor/composer/ClassLoader.php(427): Composer\\Autoload\\{closure}('/Applications/M...')
#4 [internal function]: Composer\\Autoload\\ClassLoader->loadClass('Themes\\\\BC\\\\Theme...')
#5 /Applications/MAMP/htdocs/fyvco.com/themes/ThemeServiceProvider.php(78): class_exists('\\\\Themes\\\\BC\\\\Them...')
#6 /Applications/MAMP/htdocs/fyvco.com/vendor/laravel/framework/src/Illuminate/Foundation/Application.php(792): Themes\\ThemeServiceProvider->register()
#7 /Applications/MAMP/htdocs/fyvco.com/vendor/laravel/framework/src/Illuminate/Foundation/ProviderRepository.php(75): Illuminate\\Foundation\\Application->register(Object(Themes\\ThemeServiceProvider))
#8 /Applications/MAMP/htdocs/fyvco.com/vendor/laravel/framework/src/Illuminate/Foundation/Application.php(769): Illuminate\\Foundation\\ProviderRepository->load(Array)
#9 /Applications/MAMP/htdocs/fyvco.com/vendor/laravel/framework/src/Illuminate/Foundation/Bootstrap/RegisterProviders.php(17): Illuminate\\Foundation\\Application->registerConfiguredProviders()
#10 /Applications/MAMP/htdocs/fyvco.com/vendor/laravel/framework/src/Illuminate/Foundation/Application.php(263): Illuminate\\Foundation\\Bootstrap\\RegisterProviders->bootstrap(Object(Illuminate\\Foundation\\Application))
#11 /Applications/MAMP/htdocs/fyvco.com/vendor/laravel/framework/src/Illuminate/Foundation/Console/Kernel.php(447): Illuminate\\Foundation\\Application->bootstrapWith(Array)
#12 /Applications/MAMP/htdocs/fyvco.com/vendor/laravel/framework/src/Illuminate/Foundation/Console/Kernel.php(199): Illuminate\\Foundation\\Console\\Kernel->bootstrap()
#13 Command line code(1): Illuminate\\Foundation\\Console\\Kernel->handle(Object(Symfony\\Component\\Console\\Input\\ArgvInput), Object(Symfony\\Component\\Console\\Output\\ConsoleOutput))
#14 {main}
"} 
[2025-03-26 06:47:42] production.ERROR: include(/Applications/MAMP/htdocs/fyvco.com/vendor/composer/../../themes/BC/ThemeProvider.php): Failed to open stream: No such file or directory {"exception":"[object] (ErrorException(code: 0): include(/Applications/MAMP/htdocs/fyvco.com/vendor/composer/../../themes/BC/ThemeProvider.php): Failed to open stream: No such file or directory at /Applications/MAMP/htdocs/fyvco.com/vendor/composer/ClassLoader.php:576)
[stacktrace]
#0 /Applications/MAMP/htdocs/fyvco.com/vendor/laravel/framework/src/Illuminate/Foundation/Bootstrap/HandleExceptions.php(255): Illuminate\\Foundation\\Bootstrap\\HandleExceptions->handleError(2, 'include(/Applic...', '/Applications/M...', 576)
#1 /Applications/MAMP/htdocs/fyvco.com/vendor/composer/ClassLoader.php(576): Illuminate\\Foundation\\Bootstrap\\HandleExceptions->Illuminate\\Foundation\\Bootstrap\\{closure}(2, 'include(/Applic...', '/Applications/M...', 576)
#2 /Applications/MAMP/htdocs/fyvco.com/vendor/composer/ClassLoader.php(576): include('/Applications/M...')
#3 /Applications/MAMP/htdocs/fyvco.com/vendor/composer/ClassLoader.php(427): Composer\\Autoload\\{closure}('/Applications/M...')
#4 [internal function]: Composer\\Autoload\\ClassLoader->loadClass('Themes\\\\BC\\\\Theme...')
#5 /Applications/MAMP/htdocs/fyvco.com/themes/ThemeServiceProvider.php(78): class_exists('\\\\Themes\\\\BC\\\\Them...')
#6 /Applications/MAMP/htdocs/fyvco.com/vendor/laravel/framework/src/Illuminate/Foundation/Application.php(792): Themes\\ThemeServiceProvider->register()
#7 /Applications/MAMP/htdocs/fyvco.com/vendor/laravel/framework/src/Illuminate/Foundation/ProviderRepository.php(75): Illuminate\\Foundation\\Application->register(Object(Themes\\ThemeServiceProvider))
#8 /Applications/MAMP/htdocs/fyvco.com/vendor/laravel/framework/src/Illuminate/Foundation/Application.php(769): Illuminate\\Foundation\\ProviderRepository->load(Array)
#9 /Applications/MAMP/htdocs/fyvco.com/vendor/laravel/framework/src/Illuminate/Foundation/Bootstrap/RegisterProviders.php(17): Illuminate\\Foundation\\Application->registerConfiguredProviders()
#10 /Applications/MAMP/htdocs/fyvco.com/vendor/laravel/framework/src/Illuminate/Foundation/Application.php(263): Illuminate\\Foundation\\Bootstrap\\RegisterProviders->bootstrap(Object(Illuminate\\Foundation\\Application))
#11 /Applications/MAMP/htdocs/fyvco.com/vendor/laravel/framework/src/Illuminate/Foundation/Console/Kernel.php(447): Illuminate\\Foundation\\Application->bootstrapWith(Array)
#12 /Applications/MAMP/htdocs/fyvco.com/vendor/laravel/framework/src/Illuminate/Foundation/Console/Kernel.php(199): Illuminate\\Foundation\\Console\\Kernel->bootstrap()
#13 Command line code(1): Illuminate\\Foundation\\Console\\Kernel->handle(Object(Symfony\\Component\\Console\\Input\\ArgvInput), Object(Symfony\\Component\\Console\\Output\\ConsoleOutput))
#14 {main}
"} 
[2025-03-26 06:47:42] production.ERROR: include(/Applications/MAMP/htdocs/fyvco.com/vendor/composer/../../themes/BC/ThemeProvider.php): Failed to open stream: No such file or directory {"exception":"[object] (ErrorException(code: 0): include(/Applications/MAMP/htdocs/fyvco.com/vendor/composer/../../themes/BC/ThemeProvider.php): Failed to open stream: No such file or directory at /Applications/MAMP/htdocs/fyvco.com/vendor/composer/ClassLoader.php:576)
[stacktrace]
#0 /Applications/MAMP/htdocs/fyvco.com/vendor/laravel/framework/src/Illuminate/Foundation/Bootstrap/HandleExceptions.php(255): Illuminate\\Foundation\\Bootstrap\\HandleExceptions->handleError(2, 'include(/Applic...', '/Applications/M...', 576)
#1 /Applications/MAMP/htdocs/fyvco.com/vendor/composer/ClassLoader.php(576): Illuminate\\Foundation\\Bootstrap\\HandleExceptions->Illuminate\\Foundation\\Bootstrap\\{closure}(2, 'include(/Applic...', '/Applications/M...', 576)
#2 /Applications/MAMP/htdocs/fyvco.com/vendor/composer/ClassLoader.php(576): include('/Applications/M...')
#3 /Applications/MAMP/htdocs/fyvco.com/vendor/composer/ClassLoader.php(427): Composer\\Autoload\\{closure}('/Applications/M...')
#4 [internal function]: Composer\\Autoload\\ClassLoader->loadClass('Themes\\\\BC\\\\Theme...')
#5 /Applications/MAMP/htdocs/fyvco.com/themes/ThemeServiceProvider.php(78): class_exists('\\\\Themes\\\\BC\\\\Them...')
#6 /Applications/MAMP/htdocs/fyvco.com/vendor/laravel/framework/src/Illuminate/Foundation/Application.php(792): Themes\\ThemeServiceProvider->register()
#7 /Applications/MAMP/htdocs/fyvco.com/vendor/laravel/framework/src/Illuminate/Foundation/ProviderRepository.php(75): Illuminate\\Foundation\\Application->register(Object(Themes\\ThemeServiceProvider))
#8 /Applications/MAMP/htdocs/fyvco.com/vendor/laravel/framework/src/Illuminate/Foundation/Application.php(769): Illuminate\\Foundation\\ProviderRepository->load(Array)
#9 /Applications/MAMP/htdocs/fyvco.com/vendor/laravel/framework/src/Illuminate/Foundation/Bootstrap/RegisterProviders.php(17): Illuminate\\Foundation\\Application->registerConfiguredProviders()
#10 /Applications/MAMP/htdocs/fyvco.com/vendor/laravel/framework/src/Illuminate/Foundation/Application.php(263): Illuminate\\Foundation\\Bootstrap\\RegisterProviders->bootstrap(Object(Illuminate\\Foundation\\Application))
#11 /Applications/MAMP/htdocs/fyvco.com/vendor/laravel/framework/src/Illuminate/Foundation/Console/Kernel.php(447): Illuminate\\Foundation\\Application->bootstrapWith(Array)
#12 /Applications/MAMP/htdocs/fyvco.com/vendor/laravel/framework/src/Illuminate/Foundation/Console/Kernel.php(199): Illuminate\\Foundation\\Console\\Kernel->bootstrap()
#13 Command line code(1): Illuminate\\Foundation\\Console\\Kernel->handle(Object(Symfony\\Component\\Console\\Input\\ArgvInput), Object(Symfony\\Component\\Console\\Output\\ConsoleOutput))
#14 {main}
"} 
[2025-03-26 06:47:42] production.ERROR: Uncaught ReflectionException: Class "translator" does not exist in /Applications/MAMP/htdocs/fyvco.com/vendor/laravel/framework/src/Illuminate/Container/Container.php:912
Stack trace:
#0 /Applications/MAMP/htdocs/fyvco.com/vendor/laravel/framework/src/Illuminate/Container/Container.php(912): ReflectionClass->__construct('translator')
#1 /Applications/MAMP/htdocs/fyvco.com/vendor/laravel/framework/src/Illuminate/Container/Container.php(795): Illuminate\Container\Container->build('translator')
#2 /Applications/MAMP/htdocs/fyvco.com/vendor/laravel/framework/src/Illuminate/Foundation/Application.php(961): Illuminate\Container\Container->resolve('translator', Array, true)
#3 /Applications/MAMP/htdocs/fyvco.com/vendor/laravel/framework/src/Illuminate/Container/Container.php(731): Illuminate\Foundation\Application->resolve('translator', Array)
#4 /Applications/MAMP/htdocs/fyvco.com/vendor/laravel/framework/src/Illuminate/Foundation/Application.php(946): Illuminate\Container\Container->make('translator', Array)
#5 /Applications/MAMP/htdocs/fyvco.com/vendor/laravel/framework/src/Illuminate/Foundation/helpers.php(120): Illuminate\Foundation\Application->make('translator', Array)
#6 Command line code(1): app('translator')
#7 {main}

Next Illuminate\Contracts\Container\BindingResolutionException: Target class [translator] does not exist. in /Applications/MAMP/htdocs/fyvco.com/vendor/laravel/framework/src/Illuminate/Container/Container.php:914
Stack trace:
#0 /Applications/MAMP/htdocs/fyvco.com/vendor/laravel/framework/src/Illuminate/Container/Container.php(795): Illuminate\Container\Container->build('translator')
#1 /Applications/MAMP/htdocs/fyvco.com/vendor/laravel/framework/src/Illuminate/Foundation/Application.php(961): Illuminate\Container\Container->resolve('translator', Array, true)
#2 /Applications/MAMP/htdocs/fyvco.com/vendor/laravel/framework/src/Illuminate/Container/Container.php(731): Illuminate\Foundation\Application->resolve('translator', Array)
#3 /Applications/MAMP/htdocs/fyvco.com/vendor/laravel/framework/src/Illuminate/Foundation/Application.php(946): Illuminate\Container\Container->make('translator', Array)
#4 /Applications/MAMP/htdocs/fyvco.com/vendor/laravel/framework/src/Illuminate/Foundation/helpers.php(120): Illuminate\Foundation\Application->make('translator', Array)
#5 Command line code(1): app('translator')
#6 {main}
  thrown {"exception":"[object] (Symfony\\Component\\ErrorHandler\\Error\\FatalError(code: 0): Uncaught ReflectionException: Class \"translator\" does not exist in /Applications/MAMP/htdocs/fyvco.com/vendor/laravel/framework/src/Illuminate/Container/Container.php:912
Stack trace:
#0 /Applications/MAMP/htdocs/fyvco.com/vendor/laravel/framework/src/Illuminate/Container/Container.php(912): ReflectionClass->__construct('translator')
#1 /Applications/MAMP/htdocs/fyvco.com/vendor/laravel/framework/src/Illuminate/Container/Container.php(795): Illuminate\\Container\\Container->build('translator')
#2 /Applications/MAMP/htdocs/fyvco.com/vendor/laravel/framework/src/Illuminate/Foundation/Application.php(961): Illuminate\\Container\\Container->resolve('translator', Array, true)
#3 /Applications/MAMP/htdocs/fyvco.com/vendor/laravel/framework/src/Illuminate/Container/Container.php(731): Illuminate\\Foundation\\Application->resolve('translator', Array)
#4 /Applications/MAMP/htdocs/fyvco.com/vendor/laravel/framework/src/Illuminate/Foundation/Application.php(946): Illuminate\\Container\\Container->make('translator', Array)
#5 /Applications/MAMP/htdocs/fyvco.com/vendor/laravel/framework/src/Illuminate/Foundation/helpers.php(120): Illuminate\\Foundation\\Application->make('translator', Array)
#6 Command line code(1): app('translator')
#7 {main}

Next Illuminate\\Contracts\\Container\\BindingResolutionException: Target class [translator] does not exist. in /Applications/MAMP/htdocs/fyvco.com/vendor/laravel/framework/src/Illuminate/Container/Container.php:914
Stack trace:
#0 /Applications/MAMP/htdocs/fyvco.com/vendor/laravel/framework/src/Illuminate/Container/Container.php(795): Illuminate\\Container\\Container->build('translator')
#1 /Applications/MAMP/htdocs/fyvco.com/vendor/laravel/framework/src/Illuminate/Foundation/Application.php(961): Illuminate\\Container\\Container->resolve('translator', Array, true)
#2 /Applications/MAMP/htdocs/fyvco.com/vendor/laravel/framework/src/Illuminate/Container/Container.php(731): Illuminate\\Foundation\\Application->resolve('translator', Array)
#3 /Applications/MAMP/htdocs/fyvco.com/vendor/laravel/framework/src/Illuminate/Foundation/Application.php(946): Illuminate\\Container\\Container->make('translator', Array)
#4 /Applications/MAMP/htdocs/fyvco.com/vendor/laravel/framework/src/Illuminate/Foundation/helpers.php(120): Illuminate\\Foundation\\Application->make('translator', Array)
#5 Command line code(1): app('translator')
#6 {main}
  thrown at /Applications/MAMP/htdocs/fyvco.com/vendor/laravel/framework/src/Illuminate/Container/Container.php:914)
[stacktrace]
#0 {main}
"} 
[2025-03-26 06:47:42] production.ERROR: include(/Applications/MAMP/htdocs/fyvco.com/vendor/composer/../../themes/BC/ThemeProvider.php): Failed to open stream: No such file or directory {"exception":"[object] (ErrorException(code: 0): include(/Applications/MAMP/htdocs/fyvco.com/vendor/composer/../../themes/BC/ThemeProvider.php): Failed to open stream: No such file or directory at /Applications/MAMP/htdocs/fyvco.com/vendor/composer/ClassLoader.php:576)
[stacktrace]
#0 /Applications/MAMP/htdocs/fyvco.com/vendor/laravel/framework/src/Illuminate/Foundation/Bootstrap/HandleExceptions.php(255): Illuminate\\Foundation\\Bootstrap\\HandleExceptions->handleError(2, 'include(/Applic...', '/Applications/M...', 576)
#1 /Applications/MAMP/htdocs/fyvco.com/vendor/composer/ClassLoader.php(576): Illuminate\\Foundation\\Bootstrap\\HandleExceptions->Illuminate\\Foundation\\Bootstrap\\{closure}(2, 'include(/Applic...', '/Applications/M...', 576)
#2 /Applications/MAMP/htdocs/fyvco.com/vendor/composer/ClassLoader.php(576): include('/Applications/M...')
#3 /Applications/MAMP/htdocs/fyvco.com/vendor/composer/ClassLoader.php(427): Composer\\Autoload\\{closure}('/Applications/M...')
#4 [internal function]: Composer\\Autoload\\ClassLoader->loadClass('Themes\\\\BC\\\\Theme...')
#5 /Applications/MAMP/htdocs/fyvco.com/themes/ThemeServiceProvider.php(78): class_exists('\\\\Themes\\\\BC\\\\Them...')
#6 /Applications/MAMP/htdocs/fyvco.com/vendor/laravel/framework/src/Illuminate/Foundation/Application.php(792): Themes\\ThemeServiceProvider->register()
#7 /Applications/MAMP/htdocs/fyvco.com/vendor/laravel/framework/src/Illuminate/Foundation/ProviderRepository.php(75): Illuminate\\Foundation\\Application->register(Object(Themes\\ThemeServiceProvider))
#8 /Applications/MAMP/htdocs/fyvco.com/vendor/laravel/framework/src/Illuminate/Foundation/Application.php(769): Illuminate\\Foundation\\ProviderRepository->load(Array)
#9 /Applications/MAMP/htdocs/fyvco.com/vendor/laravel/framework/src/Illuminate/Foundation/Bootstrap/RegisterProviders.php(17): Illuminate\\Foundation\\Application->registerConfiguredProviders()
#10 /Applications/MAMP/htdocs/fyvco.com/vendor/laravel/framework/src/Illuminate/Foundation/Application.php(263): Illuminate\\Foundation\\Bootstrap\\RegisterProviders->bootstrap(Object(Illuminate\\Foundation\\Application))
#11 /Applications/MAMP/htdocs/fyvco.com/vendor/laravel/framework/src/Illuminate/Foundation/Console/Kernel.php(447): Illuminate\\Foundation\\Application->bootstrapWith(Array)
#12 /Applications/MAMP/htdocs/fyvco.com/vendor/laravel/framework/src/Illuminate/Foundation/Console/Kernel.php(199): Illuminate\\Foundation\\Console\\Kernel->bootstrap()
#13 Command line code(1): Illuminate\\Foundation\\Console\\Kernel->handle(Object(Symfony\\Component\\Console\\Input\\ArgvInput), Object(Symfony\\Component\\Console\\Output\\ConsoleOutput))
#14 {main}
"} 
[2025-03-26 06:47:42] production.ERROR: include(/Applications/MAMP/htdocs/fyvco.com/vendor/composer/../../themes/BC/ThemeProvider.php): Failed to open stream: No such file or directory {"exception":"[object] (ErrorException(code: 0): include(/Applications/MAMP/htdocs/fyvco.com/vendor/composer/../../themes/BC/ThemeProvider.php): Failed to open stream: No such file or directory at /Applications/MAMP/htdocs/fyvco.com/vendor/composer/ClassLoader.php:576)
[stacktrace]
#0 /Applications/MAMP/htdocs/fyvco.com/vendor/laravel/framework/src/Illuminate/Foundation/Bootstrap/HandleExceptions.php(255): Illuminate\\Foundation\\Bootstrap\\HandleExceptions->handleError(2, 'include(/Applic...', '/Applications/M...', 576)
#1 /Applications/MAMP/htdocs/fyvco.com/vendor/composer/ClassLoader.php(576): Illuminate\\Foundation\\Bootstrap\\HandleExceptions->Illuminate\\Foundation\\Bootstrap\\{closure}(2, 'include(/Applic...', '/Applications/M...', 576)
#2 /Applications/MAMP/htdocs/fyvco.com/vendor/composer/ClassLoader.php(576): include('/Applications/M...')
#3 /Applications/MAMP/htdocs/fyvco.com/vendor/composer/ClassLoader.php(427): Composer\\Autoload\\{closure}('/Applications/M...')
#4 [internal function]: Composer\\Autoload\\ClassLoader->loadClass('Themes\\\\BC\\\\Theme...')
#5 /Applications/MAMP/htdocs/fyvco.com/themes/ThemeServiceProvider.php(78): class_exists('\\\\Themes\\\\BC\\\\Them...')
#6 /Applications/MAMP/htdocs/fyvco.com/vendor/laravel/framework/src/Illuminate/Foundation/Application.php(792): Themes\\ThemeServiceProvider->register()
#7 /Applications/MAMP/htdocs/fyvco.com/vendor/laravel/framework/src/Illuminate/Foundation/ProviderRepository.php(75): Illuminate\\Foundation\\Application->register(Object(Themes\\ThemeServiceProvider))
#8 /Applications/MAMP/htdocs/fyvco.com/vendor/laravel/framework/src/Illuminate/Foundation/Application.php(769): Illuminate\\Foundation\\ProviderRepository->load(Array)
#9 /Applications/MAMP/htdocs/fyvco.com/vendor/laravel/framework/src/Illuminate/Foundation/Bootstrap/RegisterProviders.php(17): Illuminate\\Foundation\\Application->registerConfiguredProviders()
#10 /Applications/MAMP/htdocs/fyvco.com/vendor/laravel/framework/src/Illuminate/Foundation/Application.php(263): Illuminate\\Foundation\\Bootstrap\\RegisterProviders->bootstrap(Object(Illuminate\\Foundation\\Application))
#11 /Applications/MAMP/htdocs/fyvco.com/vendor/laravel/framework/src/Illuminate/Foundation/Console/Kernel.php(447): Illuminate\\Foundation\\Application->bootstrapWith(Array)
#12 /Applications/MAMP/htdocs/fyvco.com/vendor/laravel/framework/src/Illuminate/Foundation/Console/Kernel.php(199): Illuminate\\Foundation\\Console\\Kernel->bootstrap()
#13 Command line code(1): Illuminate\\Foundation\\Console\\Kernel->handle(Object(Symfony\\Component\\Console\\Input\\ArgvInput), Object(Symfony\\Component\\Console\\Output\\ConsoleOutput))
#14 {main}
"} 
[2025-03-26 06:47:42] production.ERROR: include(/Applications/MAMP/htdocs/fyvco.com/vendor/composer/../../themes/BC/ThemeProvider.php): Failed to open stream: No such file or directory {"exception":"[object] (ErrorException(code: 0): include(/Applications/MAMP/htdocs/fyvco.com/vendor/composer/../../themes/BC/ThemeProvider.php): Failed to open stream: No such file or directory at /Applications/MAMP/htdocs/fyvco.com/vendor/composer/ClassLoader.php:576)
[stacktrace]
#0 /Applications/MAMP/htdocs/fyvco.com/vendor/laravel/framework/src/Illuminate/Foundation/Bootstrap/HandleExceptions.php(255): Illuminate\\Foundation\\Bootstrap\\HandleExceptions->handleError(2, 'include(/Applic...', '/Applications/M...', 576)
#1 /Applications/MAMP/htdocs/fyvco.com/vendor/composer/ClassLoader.php(576): Illuminate\\Foundation\\Bootstrap\\HandleExceptions->Illuminate\\Foundation\\Bootstrap\\{closure}(2, 'include(/Applic...', '/Applications/M...', 576)
#2 /Applications/MAMP/htdocs/fyvco.com/vendor/composer/ClassLoader.php(576): include('/Applications/M...')
#3 /Applications/MAMP/htdocs/fyvco.com/vendor/composer/ClassLoader.php(427): Composer\\Autoload\\{closure}('/Applications/M...')
#4 [internal function]: Composer\\Autoload\\ClassLoader->loadClass('Themes\\\\BC\\\\Theme...')
#5 /Applications/MAMP/htdocs/fyvco.com/themes/ThemeServiceProvider.php(78): class_exists('\\\\Themes\\\\BC\\\\Them...')
#6 /Applications/MAMP/htdocs/fyvco.com/vendor/laravel/framework/src/Illuminate/Foundation/Application.php(792): Themes\\ThemeServiceProvider->register()
#7 /Applications/MAMP/htdocs/fyvco.com/vendor/laravel/framework/src/Illuminate/Foundation/ProviderRepository.php(75): Illuminate\\Foundation\\Application->register(Object(Themes\\ThemeServiceProvider))
#8 /Applications/MAMP/htdocs/fyvco.com/vendor/laravel/framework/src/Illuminate/Foundation/Application.php(769): Illuminate\\Foundation\\ProviderRepository->load(Array)
#9 /Applications/MAMP/htdocs/fyvco.com/vendor/laravel/framework/src/Illuminate/Foundation/Bootstrap/RegisterProviders.php(17): Illuminate\\Foundation\\Application->registerConfiguredProviders()
#10 /Applications/MAMP/htdocs/fyvco.com/vendor/laravel/framework/src/Illuminate/Foundation/Application.php(263): Illuminate\\Foundation\\Bootstrap\\RegisterProviders->bootstrap(Object(Illuminate\\Foundation\\Application))
#11 /Applications/MAMP/htdocs/fyvco.com/vendor/laravel/framework/src/Illuminate/Foundation/Console/Kernel.php(447): Illuminate\\Foundation\\Application->bootstrapWith(Array)
#12 /Applications/MAMP/htdocs/fyvco.com/vendor/laravel/framework/src/Illuminate/Foundation/Console/Kernel.php(199): Illuminate\\Foundation\\Console\\Kernel->bootstrap()
#13 Command line code(1): Illuminate\\Foundation\\Console\\Kernel->handle(Object(Symfony\\Component\\Console\\Input\\ArgvInput), Object(Symfony\\Component\\Console\\Output\\ConsoleOutput))
#14 {main}
"} 
[2025-03-26 06:47:42] production.ERROR: include(/Applications/MAMP/htdocs/fyvco.com/vendor/composer/../../themes/BC/ThemeProvider.php): Failed to open stream: No such file or directory {"exception":"[object] (ErrorException(code: 0): include(/Applications/MAMP/htdocs/fyvco.com/vendor/composer/../../themes/BC/ThemeProvider.php): Failed to open stream: No such file or directory at /Applications/MAMP/htdocs/fyvco.com/vendor/composer/ClassLoader.php:576)
[stacktrace]
#0 /Applications/MAMP/htdocs/fyvco.com/vendor/laravel/framework/src/Illuminate/Foundation/Bootstrap/HandleExceptions.php(255): Illuminate\\Foundation\\Bootstrap\\HandleExceptions->handleError(2, 'include(/Applic...', '/Applications/M...', 576)
#1 /Applications/MAMP/htdocs/fyvco.com/vendor/composer/ClassLoader.php(576): Illuminate\\Foundation\\Bootstrap\\HandleExceptions->Illuminate\\Foundation\\Bootstrap\\{closure}(2, 'include(/Applic...', '/Applications/M...', 576)
#2 /Applications/MAMP/htdocs/fyvco.com/vendor/composer/ClassLoader.php(576): include('/Applications/M...')
#3 /Applications/MAMP/htdocs/fyvco.com/vendor/composer/ClassLoader.php(427): Composer\\Autoload\\{closure}('/Applications/M...')
#4 [internal function]: Composer\\Autoload\\ClassLoader->loadClass('Themes\\\\BC\\\\Theme...')
#5 /Applications/MAMP/htdocs/fyvco.com/themes/ThemeServiceProvider.php(78): class_exists('\\\\Themes\\\\BC\\\\Them...')
#6 /Applications/MAMP/htdocs/fyvco.com/vendor/laravel/framework/src/Illuminate/Foundation/Application.php(792): Themes\\ThemeServiceProvider->register()
#7 /Applications/MAMP/htdocs/fyvco.com/vendor/laravel/framework/src/Illuminate/Foundation/ProviderRepository.php(75): Illuminate\\Foundation\\Application->register(Object(Themes\\ThemeServiceProvider))
#8 /Applications/MAMP/htdocs/fyvco.com/vendor/laravel/framework/src/Illuminate/Foundation/Application.php(769): Illuminate\\Foundation\\ProviderRepository->load(Array)
#9 /Applications/MAMP/htdocs/fyvco.com/vendor/laravel/framework/src/Illuminate/Foundation/Bootstrap/RegisterProviders.php(17): Illuminate\\Foundation\\Application->registerConfiguredProviders()
#10 /Applications/MAMP/htdocs/fyvco.com/vendor/laravel/framework/src/Illuminate/Foundation/Application.php(263): Illuminate\\Foundation\\Bootstrap\\RegisterProviders->bootstrap(Object(Illuminate\\Foundation\\Application))
#11 /Applications/MAMP/htdocs/fyvco.com/vendor/laravel/framework/src/Illuminate/Foundation/Console/Kernel.php(447): Illuminate\\Foundation\\Application->bootstrapWith(Array)
#12 /Applications/MAMP/htdocs/fyvco.com/vendor/laravel/framework/src/Illuminate/Foundation/Console/Kernel.php(199): Illuminate\\Foundation\\Console\\Kernel->bootstrap()
#13 Command line code(1): Illuminate\\Foundation\\Console\\Kernel->handle(Object(Symfony\\Component\\Console\\Input\\ArgvInput), Object(Symfony\\Component\\Console\\Output\\ConsoleOutput))
#14 {main}
"} 
[2025-03-26 06:47:42] production.ERROR: include(/Applications/MAMP/htdocs/fyvco.com/vendor/composer/../../themes/BC/ThemeProvider.php): Failed to open stream: No such file or directory {"exception":"[object] (ErrorException(code: 0): include(/Applications/MAMP/htdocs/fyvco.com/vendor/composer/../../themes/BC/ThemeProvider.php): Failed to open stream: No such file or directory at /Applications/MAMP/htdocs/fyvco.com/vendor/composer/ClassLoader.php:576)
[stacktrace]
#0 /Applications/MAMP/htdocs/fyvco.com/vendor/laravel/framework/src/Illuminate/Foundation/Bootstrap/HandleExceptions.php(255): Illuminate\\Foundation\\Bootstrap\\HandleExceptions->handleError(2, 'include(/Applic...', '/Applications/M...', 576)
#1 /Applications/MAMP/htdocs/fyvco.com/vendor/composer/ClassLoader.php(576): Illuminate\\Foundation\\Bootstrap\\HandleExceptions->Illuminate\\Foundation\\Bootstrap\\{closure}(2, 'include(/Applic...', '/Applications/M...', 576)
#2 /Applications/MAMP/htdocs/fyvco.com/vendor/composer/ClassLoader.php(576): include('/Applications/M...')
#3 /Applications/MAMP/htdocs/fyvco.com/vendor/composer/ClassLoader.php(427): Composer\\Autoload\\{closure}('/Applications/M...')
#4 [internal function]: Composer\\Autoload\\ClassLoader->loadClass('Themes\\\\BC\\\\Theme...')
#5 /Applications/MAMP/htdocs/fyvco.com/themes/ThemeServiceProvider.php(78): class_exists('\\\\Themes\\\\BC\\\\Them...')
#6 /Applications/MAMP/htdocs/fyvco.com/vendor/laravel/framework/src/Illuminate/Foundation/Application.php(792): Themes\\ThemeServiceProvider->register()
#7 /Applications/MAMP/htdocs/fyvco.com/vendor/laravel/framework/src/Illuminate/Foundation/ProviderRepository.php(75): Illuminate\\Foundation\\Application->register(Object(Themes\\ThemeServiceProvider))
#8 /Applications/MAMP/htdocs/fyvco.com/vendor/laravel/framework/src/Illuminate/Foundation/Application.php(769): Illuminate\\Foundation\\ProviderRepository->load(Array)
#9 /Applications/MAMP/htdocs/fyvco.com/vendor/laravel/framework/src/Illuminate/Foundation/Bootstrap/RegisterProviders.php(17): Illuminate\\Foundation\\Application->registerConfiguredProviders()
#10 /Applications/MAMP/htdocs/fyvco.com/vendor/laravel/framework/src/Illuminate/Foundation/Application.php(263): Illuminate\\Foundation\\Bootstrap\\RegisterProviders->bootstrap(Object(Illuminate\\Foundation\\Application))
#11 /Applications/MAMP/htdocs/fyvco.com/vendor/laravel/framework/src/Illuminate/Foundation/Console/Kernel.php(447): Illuminate\\Foundation\\Application->bootstrapWith(Array)
#12 /Applications/MAMP/htdocs/fyvco.com/vendor/laravel/framework/src/Illuminate/Foundation/Console/Kernel.php(199): Illuminate\\Foundation\\Console\\Kernel->bootstrap()
#13 Command line code(1): Illuminate\\Foundation\\Console\\Kernel->handle(Object(Symfony\\Component\\Console\\Input\\ArgvInput), Object(Symfony\\Component\\Console\\Output\\ConsoleOutput))
#14 {main}
"} 
[2025-03-26 06:47:42] production.ERROR: include(/Applications/MAMP/htdocs/fyvco.com/vendor/composer/../../themes/BC/ThemeProvider.php): Failed to open stream: No such file or directory {"exception":"[object] (ErrorException(code: 0): include(/Applications/MAMP/htdocs/fyvco.com/vendor/composer/../../themes/BC/ThemeProvider.php): Failed to open stream: No such file or directory at /Applications/MAMP/htdocs/fyvco.com/vendor/composer/ClassLoader.php:576)
[stacktrace]
#0 /Applications/MAMP/htdocs/fyvco.com/vendor/laravel/framework/src/Illuminate/Foundation/Bootstrap/HandleExceptions.php(255): Illuminate\\Foundation\\Bootstrap\\HandleExceptions->handleError(2, 'include(/Applic...', '/Applications/M...', 576)
#1 /Applications/MAMP/htdocs/fyvco.com/vendor/composer/ClassLoader.php(576): Illuminate\\Foundation\\Bootstrap\\HandleExceptions->Illuminate\\Foundation\\Bootstrap\\{closure}(2, 'include(/Applic...', '/Applications/M...', 576)
#2 /Applications/MAMP/htdocs/fyvco.com/vendor/composer/ClassLoader.php(576): include('/Applications/M...')
#3 /Applications/MAMP/htdocs/fyvco.com/vendor/composer/ClassLoader.php(427): Composer\\Autoload\\{closure}('/Applications/M...')
#4 [internal function]: Composer\\Autoload\\ClassLoader->loadClass('Themes\\\\BC\\\\Theme...')
#5 /Applications/MAMP/htdocs/fyvco.com/themes/ThemeServiceProvider.php(78): class_exists('\\\\Themes\\\\BC\\\\Them...')
#6 /Applications/MAMP/htdocs/fyvco.com/vendor/laravel/framework/src/Illuminate/Foundation/Application.php(792): Themes\\ThemeServiceProvider->register()
#7 /Applications/MAMP/htdocs/fyvco.com/vendor/laravel/framework/src/Illuminate/Foundation/ProviderRepository.php(75): Illuminate\\Foundation\\Application->register(Object(Themes\\ThemeServiceProvider))
#8 /Applications/MAMP/htdocs/fyvco.com/vendor/laravel/framework/src/Illuminate/Foundation/Application.php(769): Illuminate\\Foundation\\ProviderRepository->load(Array)
#9 /Applications/MAMP/htdocs/fyvco.com/vendor/laravel/framework/src/Illuminate/Foundation/Bootstrap/RegisterProviders.php(17): Illuminate\\Foundation\\Application->registerConfiguredProviders()
#10 /Applications/MAMP/htdocs/fyvco.com/vendor/laravel/framework/src/Illuminate/Foundation/Application.php(263): Illuminate\\Foundation\\Bootstrap\\RegisterProviders->bootstrap(Object(Illuminate\\Foundation\\Application))
#11 /Applications/MAMP/htdocs/fyvco.com/vendor/laravel/framework/src/Illuminate/Foundation/Console/Kernel.php(447): Illuminate\\Foundation\\Application->bootstrapWith(Array)
#12 /Applications/MAMP/htdocs/fyvco.com/vendor/laravel/framework/src/Illuminate/Foundation/Console/Kernel.php(199): Illuminate\\Foundation\\Console\\Kernel->bootstrap()
#13 Command line code(1): Illuminate\\Foundation\\Console\\Kernel->handle(Object(Symfony\\Component\\Console\\Input\\ArgvInput), Object(Symfony\\Component\\Console\\Output\\ConsoleOutput))
#14 {main}
"} 
[2025-03-26 06:47:44] production.ERROR: include(/Applications/MAMP/htdocs/fyvco.com/vendor/composer/../../themes/BC/ThemeProvider.php): Failed to open stream: No such file or directory {"exception":"[object] (ErrorException(code: 0): include(/Applications/MAMP/htdocs/fyvco.com/vendor/composer/../../themes/BC/ThemeProvider.php): Failed to open stream: No such file or directory at /Applications/MAMP/htdocs/fyvco.com/vendor/composer/ClassLoader.php:576)
[stacktrace]
#0 /Applications/MAMP/htdocs/fyvco.com/vendor/laravel/framework/src/Illuminate/Foundation/Bootstrap/HandleExceptions.php(255): Illuminate\\Foundation\\Bootstrap\\HandleExceptions->handleError(2, 'include(/Applic...', '/Applications/M...', 576)
#1 /Applications/MAMP/htdocs/fyvco.com/vendor/composer/ClassLoader.php(576): Illuminate\\Foundation\\Bootstrap\\HandleExceptions->Illuminate\\Foundation\\Bootstrap\\{closure}(2, 'include(/Applic...', '/Applications/M...', 576)
#2 /Applications/MAMP/htdocs/fyvco.com/vendor/composer/ClassLoader.php(576): include('/Applications/M...')
#3 /Applications/MAMP/htdocs/fyvco.com/vendor/composer/ClassLoader.php(427): Composer\\Autoload\\{closure}('/Applications/M...')
#4 [internal function]: Composer\\Autoload\\ClassLoader->loadClass('Themes\\\\BC\\\\Theme...')
#5 /Applications/MAMP/htdocs/fyvco.com/themes/ThemeServiceProvider.php(78): class_exists('\\\\Themes\\\\BC\\\\Them...')
#6 /Applications/MAMP/htdocs/fyvco.com/vendor/laravel/framework/src/Illuminate/Foundation/Application.php(792): Themes\\ThemeServiceProvider->register()
#7 /Applications/MAMP/htdocs/fyvco.com/vendor/laravel/framework/src/Illuminate/Foundation/ProviderRepository.php(75): Illuminate\\Foundation\\Application->register(Object(Themes\\ThemeServiceProvider))
#8 /Applications/MAMP/htdocs/fyvco.com/vendor/laravel/framework/src/Illuminate/Foundation/Application.php(769): Illuminate\\Foundation\\ProviderRepository->load(Array)
#9 /Applications/MAMP/htdocs/fyvco.com/vendor/laravel/framework/src/Illuminate/Foundation/Bootstrap/RegisterProviders.php(17): Illuminate\\Foundation\\Application->registerConfiguredProviders()
#10 /Applications/MAMP/htdocs/fyvco.com/vendor/laravel/framework/src/Illuminate/Foundation/Application.php(263): Illuminate\\Foundation\\Bootstrap\\RegisterProviders->bootstrap(Object(Illuminate\\Foundation\\Application))
#11 /Applications/MAMP/htdocs/fyvco.com/vendor/laravel/framework/src/Illuminate/Foundation/Console/Kernel.php(447): Illuminate\\Foundation\\Application->bootstrapWith(Array)
#12 /Applications/MAMP/htdocs/fyvco.com/vendor/laravel/framework/src/Illuminate/Foundation/Console/Kernel.php(199): Illuminate\\Foundation\\Console\\Kernel->bootstrap()
#13 Command line code(1): Illuminate\\Foundation\\Console\\Kernel->handle(Object(Symfony\\Component\\Console\\Input\\ArgvInput), Object(Symfony\\Component\\Console\\Output\\ConsoleOutput))
#14 {main}
"} 
[2025-03-26 06:47:44] production.ERROR: include(/Applications/MAMP/htdocs/fyvco.com/vendor/composer/../../themes/BC/ThemeProvider.php): Failed to open stream: No such file or directory {"exception":"[object] (ErrorException(code: 0): include(/Applications/MAMP/htdocs/fyvco.com/vendor/composer/../../themes/BC/ThemeProvider.php): Failed to open stream: No such file or directory at /Applications/MAMP/htdocs/fyvco.com/vendor/composer/ClassLoader.php:576)
[stacktrace]
#0 /Applications/MAMP/htdocs/fyvco.com/vendor/laravel/framework/src/Illuminate/Foundation/Bootstrap/HandleExceptions.php(255): Illuminate\\Foundation\\Bootstrap\\HandleExceptions->handleError(2, 'include(/Applic...', '/Applications/M...', 576)
#1 /Applications/MAMP/htdocs/fyvco.com/vendor/composer/ClassLoader.php(576): Illuminate\\Foundation\\Bootstrap\\HandleExceptions->Illuminate\\Foundation\\Bootstrap\\{closure}(2, 'include(/Applic...', '/Applications/M...', 576)
#2 /Applications/MAMP/htdocs/fyvco.com/vendor/composer/ClassLoader.php(576): include('/Applications/M...')
#3 /Applications/MAMP/htdocs/fyvco.com/vendor/composer/ClassLoader.php(427): Composer\\Autoload\\{closure}('/Applications/M...')
#4 [internal function]: Composer\\Autoload\\ClassLoader->loadClass('Themes\\\\BC\\\\Theme...')
#5 /Applications/MAMP/htdocs/fyvco.com/themes/ThemeServiceProvider.php(78): class_exists('\\\\Themes\\\\BC\\\\Them...')
#6 /Applications/MAMP/htdocs/fyvco.com/vendor/laravel/framework/src/Illuminate/Foundation/Application.php(792): Themes\\ThemeServiceProvider->register()
#7 /Applications/MAMP/htdocs/fyvco.com/vendor/laravel/framework/src/Illuminate/Foundation/ProviderRepository.php(75): Illuminate\\Foundation\\Application->register(Object(Themes\\ThemeServiceProvider))
#8 /Applications/MAMP/htdocs/fyvco.com/vendor/laravel/framework/src/Illuminate/Foundation/Application.php(769): Illuminate\\Foundation\\ProviderRepository->load(Array)
#9 /Applications/MAMP/htdocs/fyvco.com/vendor/laravel/framework/src/Illuminate/Foundation/Bootstrap/RegisterProviders.php(17): Illuminate\\Foundation\\Application->registerConfiguredProviders()
#10 /Applications/MAMP/htdocs/fyvco.com/vendor/laravel/framework/src/Illuminate/Foundation/Application.php(263): Illuminate\\Foundation\\Bootstrap\\RegisterProviders->bootstrap(Object(Illuminate\\Foundation\\Application))
#11 /Applications/MAMP/htdocs/fyvco.com/vendor/laravel/framework/src/Illuminate/Foundation/Console/Kernel.php(447): Illuminate\\Foundation\\Application->bootstrapWith(Array)
#12 /Applications/MAMP/htdocs/fyvco.com/vendor/laravel/framework/src/Illuminate/Foundation/Console/Kernel.php(199): Illuminate\\Foundation\\Console\\Kernel->bootstrap()
#13 Command line code(1): Illuminate\\Foundation\\Console\\Kernel->handle(Object(Symfony\\Component\\Console\\Input\\ArgvInput), Object(Symfony\\Component\\Console\\Output\\ConsoleOutput))
#14 {main}
"} 
[2025-03-26 06:47:44] production.ERROR: include(/Applications/MAMP/htdocs/fyvco.com/vendor/composer/../../themes/BC/ThemeProvider.php): Failed to open stream: No such file or directory {"exception":"[object] (ErrorException(code: 0): include(/Applications/MAMP/htdocs/fyvco.com/vendor/composer/../../themes/BC/ThemeProvider.php): Failed to open stream: No such file or directory at /Applications/MAMP/htdocs/fyvco.com/vendor/composer/ClassLoader.php:576)
[stacktrace]
#0 /Applications/MAMP/htdocs/fyvco.com/vendor/laravel/framework/src/Illuminate/Foundation/Bootstrap/HandleExceptions.php(255): Illuminate\\Foundation\\Bootstrap\\HandleExceptions->handleError(2, 'include(/Applic...', '/Applications/M...', 576)
#1 /Applications/MAMP/htdocs/fyvco.com/vendor/composer/ClassLoader.php(576): Illuminate\\Foundation\\Bootstrap\\HandleExceptions->Illuminate\\Foundation\\Bootstrap\\{closure}(2, 'include(/Applic...', '/Applications/M...', 576)
#2 /Applications/MAMP/htdocs/fyvco.com/vendor/composer/ClassLoader.php(576): include('/Applications/M...')
#3 /Applications/MAMP/htdocs/fyvco.com/vendor/composer/ClassLoader.php(427): Composer\\Autoload\\{closure}('/Applications/M...')
#4 [internal function]: Composer\\Autoload\\ClassLoader->loadClass('Themes\\\\BC\\\\Theme...')
#5 /Applications/MAMP/htdocs/fyvco.com/themes/ThemeServiceProvider.php(78): class_exists('\\\\Themes\\\\BC\\\\Them...')
#6 /Applications/MAMP/htdocs/fyvco.com/vendor/laravel/framework/src/Illuminate/Foundation/Application.php(792): Themes\\ThemeServiceProvider->register()
#7 /Applications/MAMP/htdocs/fyvco.com/vendor/laravel/framework/src/Illuminate/Foundation/ProviderRepository.php(75): Illuminate\\Foundation\\Application->register(Object(Themes\\ThemeServiceProvider))
#8 /Applications/MAMP/htdocs/fyvco.com/vendor/laravel/framework/src/Illuminate/Foundation/Application.php(769): Illuminate\\Foundation\\ProviderRepository->load(Array)
#9 /Applications/MAMP/htdocs/fyvco.com/vendor/laravel/framework/src/Illuminate/Foundation/Bootstrap/RegisterProviders.php(17): Illuminate\\Foundation\\Application->registerConfiguredProviders()
#10 /Applications/MAMP/htdocs/fyvco.com/vendor/laravel/framework/src/Illuminate/Foundation/Application.php(263): Illuminate\\Foundation\\Bootstrap\\RegisterProviders->bootstrap(Object(Illuminate\\Foundation\\Application))
#11 /Applications/MAMP/htdocs/fyvco.com/vendor/laravel/framework/src/Illuminate/Foundation/Console/Kernel.php(447): Illuminate\\Foundation\\Application->bootstrapWith(Array)
#12 /Applications/MAMP/htdocs/fyvco.com/vendor/laravel/framework/src/Illuminate/Foundation/Console/Kernel.php(199): Illuminate\\Foundation\\Console\\Kernel->bootstrap()
#13 Command line code(1): Illuminate\\Foundation\\Console\\Kernel->handle(Object(Symfony\\Component\\Console\\Input\\ArgvInput), Object(Symfony\\Component\\Console\\Output\\ConsoleOutput))
#14 {main}
"} 
[2025-03-26 06:48:34] production.ERROR: include(/Applications/MAMP/htdocs/fyvco.com/vendor/composer/../../themes/BC/ThemeProvider.php): Failed to open stream: No such file or directory {"exception":"[object] (ErrorException(code: 0): include(/Applications/MAMP/htdocs/fyvco.com/vendor/composer/../../themes/BC/ThemeProvider.php): Failed to open stream: No such file or directory at /Applications/MAMP/htdocs/fyvco.com/vendor/composer/ClassLoader.php:576)
[stacktrace]
#0 /Applications/MAMP/htdocs/fyvco.com/vendor/laravel/framework/src/Illuminate/Foundation/Bootstrap/HandleExceptions.php(255): Illuminate\\Foundation\\Bootstrap\\HandleExceptions->handleError(2, 'include(/Applic...', '/Applications/M...', 576)
#1 /Applications/MAMP/htdocs/fyvco.com/vendor/composer/ClassLoader.php(576): Illuminate\\Foundation\\Bootstrap\\HandleExceptions->Illuminate\\Foundation\\Bootstrap\\{closure}(2, 'include(/Applic...', '/Applications/M...', 576)
#2 /Applications/MAMP/htdocs/fyvco.com/vendor/composer/ClassLoader.php(576): include('/Applications/M...')
#3 /Applications/MAMP/htdocs/fyvco.com/vendor/composer/ClassLoader.php(427): Composer\\Autoload\\{closure}('/Applications/M...')
#4 [internal function]: Composer\\Autoload\\ClassLoader->loadClass('Themes\\\\BC\\\\Theme...')
#5 /Applications/MAMP/htdocs/fyvco.com/themes/ThemeServiceProvider.php(78): class_exists('\\\\Themes\\\\BC\\\\Them...')
#6 /Applications/MAMP/htdocs/fyvco.com/vendor/laravel/framework/src/Illuminate/Foundation/Application.php(792): Themes\\ThemeServiceProvider->register()
#7 /Applications/MAMP/htdocs/fyvco.com/vendor/laravel/framework/src/Illuminate/Foundation/ProviderRepository.php(75): Illuminate\\Foundation\\Application->register(Object(Themes\\ThemeServiceProvider))
#8 /Applications/MAMP/htdocs/fyvco.com/vendor/laravel/framework/src/Illuminate/Foundation/Application.php(769): Illuminate\\Foundation\\ProviderRepository->load(Array)
#9 /Applications/MAMP/htdocs/fyvco.com/vendor/laravel/framework/src/Illuminate/Foundation/Bootstrap/RegisterProviders.php(17): Illuminate\\Foundation\\Application->registerConfiguredProviders()
#10 /Applications/MAMP/htdocs/fyvco.com/vendor/laravel/framework/src/Illuminate/Foundation/Application.php(263): Illuminate\\Foundation\\Bootstrap\\RegisterProviders->bootstrap(Object(Illuminate\\Foundation\\Application))
#11 /Applications/MAMP/htdocs/fyvco.com/vendor/laravel/framework/src/Illuminate/Foundation/Console/Kernel.php(447): Illuminate\\Foundation\\Application->bootstrapWith(Array)
#12 /Applications/MAMP/htdocs/fyvco.com/vendor/laravel/framework/src/Illuminate/Foundation/Console/Kernel.php(199): Illuminate\\Foundation\\Console\\Kernel->bootstrap()
#13 Command line code(1): Illuminate\\Foundation\\Console\\Kernel->handle(Object(Symfony\\Component\\Console\\Input\\ArgvInput), Object(Symfony\\Component\\Console\\Output\\ConsoleOutput))
#14 {main}
"} 
[2025-03-26 06:48:34] production.ERROR: include(/Applications/MAMP/htdocs/fyvco.com/vendor/composer/../../themes/BC/ThemeProvider.php): Failed to open stream: No such file or directory {"exception":"[object] (ErrorException(code: 0): include(/Applications/MAMP/htdocs/fyvco.com/vendor/composer/../../themes/BC/ThemeProvider.php): Failed to open stream: No such file or directory at /Applications/MAMP/htdocs/fyvco.com/vendor/composer/ClassLoader.php:576)
[stacktrace]
#0 /Applications/MAMP/htdocs/fyvco.com/vendor/laravel/framework/src/Illuminate/Foundation/Bootstrap/HandleExceptions.php(255): Illuminate\\Foundation\\Bootstrap\\HandleExceptions->handleError(2, 'include(/Applic...', '/Applications/M...', 576)
#1 /Applications/MAMP/htdocs/fyvco.com/vendor/composer/ClassLoader.php(576): Illuminate\\Foundation\\Bootstrap\\HandleExceptions->Illuminate\\Foundation\\Bootstrap\\{closure}(2, 'include(/Applic...', '/Applications/M...', 576)
#2 /Applications/MAMP/htdocs/fyvco.com/vendor/composer/ClassLoader.php(576): include('/Applications/M...')
#3 /Applications/MAMP/htdocs/fyvco.com/vendor/composer/ClassLoader.php(427): Composer\\Autoload\\{closure}('/Applications/M...')
#4 [internal function]: Composer\\Autoload\\ClassLoader->loadClass('Themes\\\\BC\\\\Theme...')
#5 /Applications/MAMP/htdocs/fyvco.com/themes/ThemeServiceProvider.php(78): class_exists('\\\\Themes\\\\BC\\\\Them...')
#6 /Applications/MAMP/htdocs/fyvco.com/vendor/laravel/framework/src/Illuminate/Foundation/Application.php(792): Themes\\ThemeServiceProvider->register()
#7 /Applications/MAMP/htdocs/fyvco.com/vendor/laravel/framework/src/Illuminate/Foundation/ProviderRepository.php(75): Illuminate\\Foundation\\Application->register(Object(Themes\\ThemeServiceProvider))
#8 /Applications/MAMP/htdocs/fyvco.com/vendor/laravel/framework/src/Illuminate/Foundation/Application.php(769): Illuminate\\Foundation\\ProviderRepository->load(Array)
#9 /Applications/MAMP/htdocs/fyvco.com/vendor/laravel/framework/src/Illuminate/Foundation/Bootstrap/RegisterProviders.php(17): Illuminate\\Foundation\\Application->registerConfiguredProviders()
#10 /Applications/MAMP/htdocs/fyvco.com/vendor/laravel/framework/src/Illuminate/Foundation/Application.php(263): Illuminate\\Foundation\\Bootstrap\\RegisterProviders->bootstrap(Object(Illuminate\\Foundation\\Application))
#11 /Applications/MAMP/htdocs/fyvco.com/vendor/laravel/framework/src/Illuminate/Foundation/Console/Kernel.php(447): Illuminate\\Foundation\\Application->bootstrapWith(Array)
#12 /Applications/MAMP/htdocs/fyvco.com/vendor/laravel/framework/src/Illuminate/Foundation/Console/Kernel.php(199): Illuminate\\Foundation\\Console\\Kernel->bootstrap()
#13 Command line code(1): Illuminate\\Foundation\\Console\\Kernel->handle(Object(Symfony\\Component\\Console\\Input\\ArgvInput), Object(Symfony\\Component\\Console\\Output\\ConsoleOutput))
#14 {main}
"} 
[2025-03-26 06:49:34] production.ERROR: include(/Applications/MAMP/htdocs/fyvco.com/vendor/composer/../../themes/BC/ThemeProvider.php): Failed to open stream: No such file or directory {"exception":"[object] (ErrorException(code: 0): include(/Applications/MAMP/htdocs/fyvco.com/vendor/composer/../../themes/BC/ThemeProvider.php): Failed to open stream: No such file or directory at /Applications/MAMP/htdocs/fyvco.com/vendor/composer/ClassLoader.php:576)
[stacktrace]
#0 /Applications/MAMP/htdocs/fyvco.com/vendor/laravel/framework/src/Illuminate/Foundation/Bootstrap/HandleExceptions.php(255): Illuminate\\Foundation\\Bootstrap\\HandleExceptions->handleError(2, 'include(/Applic...', '/Applications/M...', 576)
#1 /Applications/MAMP/htdocs/fyvco.com/vendor/composer/ClassLoader.php(576): Illuminate\\Foundation\\Bootstrap\\HandleExceptions->Illuminate\\Foundation\\Bootstrap\\{closure}(2, 'include(/Applic...', '/Applications/M...', 576)
#2 /Applications/MAMP/htdocs/fyvco.com/vendor/composer/ClassLoader.php(576): include('/Applications/M...')
#3 /Applications/MAMP/htdocs/fyvco.com/vendor/composer/ClassLoader.php(427): Composer\\Autoload\\{closure}('/Applications/M...')
#4 [internal function]: Composer\\Autoload\\ClassLoader->loadClass('Themes\\\\BC\\\\Theme...')
#5 /Applications/MAMP/htdocs/fyvco.com/themes/ThemeServiceProvider.php(78): class_exists('\\\\Themes\\\\BC\\\\Them...')
#6 /Applications/MAMP/htdocs/fyvco.com/vendor/laravel/framework/src/Illuminate/Foundation/Application.php(792): Themes\\ThemeServiceProvider->register()
#7 /Applications/MAMP/htdocs/fyvco.com/vendor/laravel/framework/src/Illuminate/Foundation/ProviderRepository.php(75): Illuminate\\Foundation\\Application->register(Object(Themes\\ThemeServiceProvider))
#8 /Applications/MAMP/htdocs/fyvco.com/vendor/laravel/framework/src/Illuminate/Foundation/Application.php(769): Illuminate\\Foundation\\ProviderRepository->load(Array)
#9 /Applications/MAMP/htdocs/fyvco.com/vendor/laravel/framework/src/Illuminate/Foundation/Bootstrap/RegisterProviders.php(17): Illuminate\\Foundation\\Application->registerConfiguredProviders()
#10 /Applications/MAMP/htdocs/fyvco.com/vendor/laravel/framework/src/Illuminate/Foundation/Application.php(263): Illuminate\\Foundation\\Bootstrap\\RegisterProviders->bootstrap(Object(Illuminate\\Foundation\\Application))
#11 /Applications/MAMP/htdocs/fyvco.com/vendor/laravel/framework/src/Illuminate/Foundation/Console/Kernel.php(447): Illuminate\\Foundation\\Application->bootstrapWith(Array)
#12 /Applications/MAMP/htdocs/fyvco.com/vendor/laravel/framework/src/Illuminate/Foundation/Console/Kernel.php(199): Illuminate\\Foundation\\Console\\Kernel->bootstrap()
#13 Command line code(1): Illuminate\\Foundation\\Console\\Kernel->handle(Object(Symfony\\Component\\Console\\Input\\ArgvInput), Object(Symfony\\Component\\Console\\Output\\ConsoleOutput))
#14 {main}
"} 
[2025-03-26 06:49:34] production.ERROR: include(/Applications/MAMP/htdocs/fyvco.com/vendor/composer/../../themes/BC/ThemeProvider.php): Failed to open stream: No such file or directory {"exception":"[object] (ErrorException(code: 0): include(/Applications/MAMP/htdocs/fyvco.com/vendor/composer/../../themes/BC/ThemeProvider.php): Failed to open stream: No such file or directory at /Applications/MAMP/htdocs/fyvco.com/vendor/composer/ClassLoader.php:576)
[stacktrace]
#0 /Applications/MAMP/htdocs/fyvco.com/vendor/laravel/framework/src/Illuminate/Foundation/Bootstrap/HandleExceptions.php(255): Illuminate\\Foundation\\Bootstrap\\HandleExceptions->handleError(2, 'include(/Applic...', '/Applications/M...', 576)
#1 /Applications/MAMP/htdocs/fyvco.com/vendor/composer/ClassLoader.php(576): Illuminate\\Foundation\\Bootstrap\\HandleExceptions->Illuminate\\Foundation\\Bootstrap\\{closure}(2, 'include(/Applic...', '/Applications/M...', 576)
#2 /Applications/MAMP/htdocs/fyvco.com/vendor/composer/ClassLoader.php(576): include('/Applications/M...')
#3 /Applications/MAMP/htdocs/fyvco.com/vendor/composer/ClassLoader.php(427): Composer\\Autoload\\{closure}('/Applications/M...')
#4 [internal function]: Composer\\Autoload\\ClassLoader->loadClass('Themes\\\\BC\\\\Theme...')
#5 /Applications/MAMP/htdocs/fyvco.com/themes/ThemeServiceProvider.php(78): class_exists('\\\\Themes\\\\BC\\\\Them...')
#6 /Applications/MAMP/htdocs/fyvco.com/vendor/laravel/framework/src/Illuminate/Foundation/Application.php(792): Themes\\ThemeServiceProvider->register()
#7 /Applications/MAMP/htdocs/fyvco.com/vendor/laravel/framework/src/Illuminate/Foundation/ProviderRepository.php(75): Illuminate\\Foundation\\Application->register(Object(Themes\\ThemeServiceProvider))
#8 /Applications/MAMP/htdocs/fyvco.com/vendor/laravel/framework/src/Illuminate/Foundation/Application.php(769): Illuminate\\Foundation\\ProviderRepository->load(Array)
#9 /Applications/MAMP/htdocs/fyvco.com/vendor/laravel/framework/src/Illuminate/Foundation/Bootstrap/RegisterProviders.php(17): Illuminate\\Foundation\\Application->registerConfiguredProviders()
#10 /Applications/MAMP/htdocs/fyvco.com/vendor/laravel/framework/src/Illuminate/Foundation/Application.php(263): Illuminate\\Foundation\\Bootstrap\\RegisterProviders->bootstrap(Object(Illuminate\\Foundation\\Application))
#11 /Applications/MAMP/htdocs/fyvco.com/vendor/laravel/framework/src/Illuminate/Foundation/Console/Kernel.php(447): Illuminate\\Foundation\\Application->bootstrapWith(Array)
#12 /Applications/MAMP/htdocs/fyvco.com/vendor/laravel/framework/src/Illuminate/Foundation/Console/Kernel.php(199): Illuminate\\Foundation\\Console\\Kernel->bootstrap()
#13 Command line code(1): Illuminate\\Foundation\\Console\\Kernel->handle(Object(Symfony\\Component\\Console\\Input\\ArgvInput), Object(Symfony\\Component\\Console\\Output\\ConsoleOutput))
#14 {main}
"} 
[2025-03-26 06:50:36] production.ERROR: include(/Applications/MAMP/htdocs/fyvco.com/vendor/composer/../../themes/BC/ThemeProvider.php): Failed to open stream: No such file or directory {"exception":"[object] (ErrorException(code: 0): include(/Applications/MAMP/htdocs/fyvco.com/vendor/composer/../../themes/BC/ThemeProvider.php): Failed to open stream: No such file or directory at /Applications/MAMP/htdocs/fyvco.com/vendor/composer/ClassLoader.php:576)
[stacktrace]
#0 /Applications/MAMP/htdocs/fyvco.com/vendor/laravel/framework/src/Illuminate/Foundation/Bootstrap/HandleExceptions.php(255): Illuminate\\Foundation\\Bootstrap\\HandleExceptions->handleError(2, 'include(/Applic...', '/Applications/M...', 576)
#1 /Applications/MAMP/htdocs/fyvco.com/vendor/composer/ClassLoader.php(576): Illuminate\\Foundation\\Bootstrap\\HandleExceptions->Illuminate\\Foundation\\Bootstrap\\{closure}(2, 'include(/Applic...', '/Applications/M...', 576)
#2 /Applications/MAMP/htdocs/fyvco.com/vendor/composer/ClassLoader.php(576): include('/Applications/M...')
#3 /Applications/MAMP/htdocs/fyvco.com/vendor/composer/ClassLoader.php(427): Composer\\Autoload\\{closure}('/Applications/M...')
#4 [internal function]: Composer\\Autoload\\ClassLoader->loadClass('Themes\\\\BC\\\\Theme...')
#5 /Applications/MAMP/htdocs/fyvco.com/themes/ThemeServiceProvider.php(78): class_exists('\\\\Themes\\\\BC\\\\Them...')
#6 /Applications/MAMP/htdocs/fyvco.com/vendor/laravel/framework/src/Illuminate/Foundation/Application.php(792): Themes\\ThemeServiceProvider->register()
#7 /Applications/MAMP/htdocs/fyvco.com/vendor/laravel/framework/src/Illuminate/Foundation/ProviderRepository.php(75): Illuminate\\Foundation\\Application->register(Object(Themes\\ThemeServiceProvider))
#8 /Applications/MAMP/htdocs/fyvco.com/vendor/laravel/framework/src/Illuminate/Foundation/Application.php(769): Illuminate\\Foundation\\ProviderRepository->load(Array)
#9 /Applications/MAMP/htdocs/fyvco.com/vendor/laravel/framework/src/Illuminate/Foundation/Bootstrap/RegisterProviders.php(17): Illuminate\\Foundation\\Application->registerConfiguredProviders()
#10 /Applications/MAMP/htdocs/fyvco.com/vendor/laravel/framework/src/Illuminate/Foundation/Application.php(263): Illuminate\\Foundation\\Bootstrap\\RegisterProviders->bootstrap(Object(Illuminate\\Foundation\\Application))
#11 /Applications/MAMP/htdocs/fyvco.com/vendor/laravel/framework/src/Illuminate/Foundation/Console/Kernel.php(447): Illuminate\\Foundation\\Application->bootstrapWith(Array)
#12 /Applications/MAMP/htdocs/fyvco.com/vendor/laravel/framework/src/Illuminate/Foundation/Console/Kernel.php(199): Illuminate\\Foundation\\Console\\Kernel->bootstrap()
#13 Command line code(1): Illuminate\\Foundation\\Console\\Kernel->handle(Object(Symfony\\Component\\Console\\Input\\ArgvInput), Object(Symfony\\Component\\Console\\Output\\ConsoleOutput))
#14 {main}
"} 
[2025-03-26 06:50:36] production.ERROR: include(/Applications/MAMP/htdocs/fyvco.com/vendor/composer/../../themes/BC/ThemeProvider.php): Failed to open stream: No such file or directory {"exception":"[object] (ErrorException(code: 0): include(/Applications/MAMP/htdocs/fyvco.com/vendor/composer/../../themes/BC/ThemeProvider.php): Failed to open stream: No such file or directory at /Applications/MAMP/htdocs/fyvco.com/vendor/composer/ClassLoader.php:576)
[stacktrace]
#0 /Applications/MAMP/htdocs/fyvco.com/vendor/laravel/framework/src/Illuminate/Foundation/Bootstrap/HandleExceptions.php(255): Illuminate\\Foundation\\Bootstrap\\HandleExceptions->handleError(2, 'include(/Applic...', '/Applications/M...', 576)
#1 /Applications/MAMP/htdocs/fyvco.com/vendor/composer/ClassLoader.php(576): Illuminate\\Foundation\\Bootstrap\\HandleExceptions->Illuminate\\Foundation\\Bootstrap\\{closure}(2, 'include(/Applic...', '/Applications/M...', 576)
#2 /Applications/MAMP/htdocs/fyvco.com/vendor/composer/ClassLoader.php(576): include('/Applications/M...')
#3 /Applications/MAMP/htdocs/fyvco.com/vendor/composer/ClassLoader.php(427): Composer\\Autoload\\{closure}('/Applications/M...')
#4 [internal function]: Composer\\Autoload\\ClassLoader->loadClass('Themes\\\\BC\\\\Theme...')
#5 /Applications/MAMP/htdocs/fyvco.com/themes/ThemeServiceProvider.php(78): class_exists('\\\\Themes\\\\BC\\\\Them...')
#6 /Applications/MAMP/htdocs/fyvco.com/vendor/laravel/framework/src/Illuminate/Foundation/Application.php(792): Themes\\ThemeServiceProvider->register()
#7 /Applications/MAMP/htdocs/fyvco.com/vendor/laravel/framework/src/Illuminate/Foundation/ProviderRepository.php(75): Illuminate\\Foundation\\Application->register(Object(Themes\\ThemeServiceProvider))
#8 /Applications/MAMP/htdocs/fyvco.com/vendor/laravel/framework/src/Illuminate/Foundation/Application.php(769): Illuminate\\Foundation\\ProviderRepository->load(Array)
#9 /Applications/MAMP/htdocs/fyvco.com/vendor/laravel/framework/src/Illuminate/Foundation/Bootstrap/RegisterProviders.php(17): Illuminate\\Foundation\\Application->registerConfiguredProviders()
#10 /Applications/MAMP/htdocs/fyvco.com/vendor/laravel/framework/src/Illuminate/Foundation/Application.php(263): Illuminate\\Foundation\\Bootstrap\\RegisterProviders->bootstrap(Object(Illuminate\\Foundation\\Application))
#11 /Applications/MAMP/htdocs/fyvco.com/vendor/laravel/framework/src/Illuminate/Foundation/Console/Kernel.php(447): Illuminate\\Foundation\\Application->bootstrapWith(Array)
#12 /Applications/MAMP/htdocs/fyvco.com/vendor/laravel/framework/src/Illuminate/Foundation/Console/Kernel.php(199): Illuminate\\Foundation\\Console\\Kernel->bootstrap()
#13 Command line code(1): Illuminate\\Foundation\\Console\\Kernel->handle(Object(Symfony\\Component\\Console\\Input\\ArgvInput), Object(Symfony\\Component\\Console\\Output\\ConsoleOutput))
#14 {main}
"} 
